{"C:\\Users\\david\\OneDrive\\Escritorio\\Project\\ProyectoSoftware\\fincapp-back\\app\\Controllers\\Http\\CategoriesController.ts":{"path":"C:\\Users\\david\\OneDrive\\Escritorio\\Project\\ProyectoSoftware\\fincapp-back\\app\\Controllers\\Http\\CategoriesController.ts","statementMap":{"0":{"start":{"line":2,"column":22},"end":{"line":4,"column":1}},"1":{"start":{"line":3,"column":4},"end":{"line":3,"column":62}},"2":{"start":{"line":5,"column":0},"end":{"line":5,"column":62}},"3":{"start":{"line":6,"column":19},"end":{"line":6,"column":88}},"4":{"start":{"line":9,"column":8},"end":{"line":9,"column":40}},"5":{"start":{"line":12,"column":21},"end":{"line":12,"column":35}},"6":{"start":{"line":13,"column":28},"end":{"line":13,"column":65}},"7":{"start":{"line":14,"column":8},"end":{"line":14,"column":27}},"8":{"start":{"line":17,"column":8},"end":{"line":17,"column":56}},"9":{"start":{"line":20,"column":21},"end":{"line":20,"column":35}},"10":{"start":{"line":21,"column":28},"end":{"line":21,"column":74}},"11":{"start":{"line":22,"column":8},"end":{"line":22,"column":37}},"12":{"start":{"line":23,"column":8},"end":{"line":23,"column":34}},"13":{"start":{"line":26,"column":28},"end":{"line":26,"column":74}},"14":{"start":{"line":27,"column":8},"end":{"line":27,"column":36}},"15":{"start":{"line":30,"column":0},"end":{"line":30,"column":39}}},"fnMap":{"0":{"name":"(anonymous_0)","decl":{"start":{"line":2,"column":56},"end":{"line":2,"column":57}},"loc":{"start":{"line":2,"column":71},"end":{"line":4,"column":1}},"line":2},"1":{"name":"(anonymous_1)","decl":{"start":{"line":8,"column":4},"end":{"line":8,"column":5}},"loc":{"start":{"line":8,"column":21},"end":{"line":10,"column":5}},"line":8},"2":{"name":"(anonymous_2)","decl":{"start":{"line":11,"column":4},"end":{"line":11,"column":5}},"loc":{"start":{"line":11,"column":29},"end":{"line":15,"column":5}},"line":11},"3":{"name":"(anonymous_3)","decl":{"start":{"line":16,"column":4},"end":{"line":16,"column":5}},"loc":{"start":{"line":16,"column":27},"end":{"line":18,"column":5}},"line":16},"4":{"name":"(anonymous_4)","decl":{"start":{"line":19,"column":4},"end":{"line":19,"column":5}},"loc":{"start":{"line":19,"column":38},"end":{"line":24,"column":5}},"line":19},"5":{"name":"(anonymous_5)","decl":{"start":{"line":25,"column":4},"end":{"line":25,"column":5}},"loc":{"start":{"line":25,"column":30},"end":{"line":28,"column":5}},"line":25}},"branchMap":{"0":{"loc":{"start":{"line":2,"column":22},"end":{"line":4,"column":1}},"type":"binary-expr","locations":[{"start":{"line":2,"column":23},"end":{"line":2,"column":27}},{"start":{"line":2,"column":31},"end":{"line":2,"column":51}},{"start":{"line":2,"column":56},"end":{"line":4,"column":1}}],"line":2},"1":{"loc":{"start":{"line":3,"column":11},"end":{"line":3,"column":61}},"type":"cond-expr","locations":[{"start":{"line":3,"column":37},"end":{"line":3,"column":40}},{"start":{"line":3,"column":43},"end":{"line":3,"column":61}}],"line":3},"2":{"loc":{"start":{"line":3,"column":12},"end":{"line":3,"column":33}},"type":"binary-expr","locations":[{"start":{"line":3,"column":12},"end":{"line":3,"column":15}},{"start":{"line":3,"column":19},"end":{"line":3,"column":33}}],"line":3}},"s":{"0":1,"1":1,"2":1,"3":1,"4":1,"5":1,"6":1,"7":1,"8":2,"9":2,"10":2,"11":1,"12":1,"13":2,"14":1,"15":1},"f":{"0":1,"1":1,"2":1,"3":2,"4":2,"5":2},"b":{"0":[1,1,1],"1":[1,0],"2":[1,1]},"inputSourceMap":{"version":3,"file":"CategoriesController.js","sourceRoot":"","sources":["CategoriesController.ts"],"names":[],"mappings":";;;;;AACA,yFAA0C;AAE1C,MAAqB,oBAAoB;IAChC,KAAK,CAAC,KAAK,CAAC,GAAwB;QACzC,OAAO,kBAAQ,CAAC,GAAG,EAAE,CAAA;IACvB,CAAC;IAEM,KAAK,CAAC,KAAK,CAAC,EAAE,OAAO,EAAuB;QACjD,MAAM,IAAI,GAAG,OAAO,CAAC,IAAI,EAAE,CAAA;QAC3B,MAAM,WAAW,GAAG,MAAM,kBAAQ,CAAC,MAAM,CAAC,IAAI,CAAC,CAAA;QAC/C,OAAO,WAAW,CAAA;IACpB,CAAC;IAEM,KAAK,CAAC,IAAI,CAAC,EAAE,MAAM,EAAuB;QAC/C,OAAO,kBAAQ,CAAC,UAAU,CAAC,MAAM,CAAC,EAAE,CAAC,CAAA;IACvC,CAAC;IAEM,KAAK,CAAC,MAAM,CAAC,EAAE,MAAM,EAAE,OAAO,EAAuB;QAC1D,MAAM,IAAI,GAAG,OAAO,CAAC,IAAI,EAAE,CAAA;QAC3B,MAAM,WAAW,GAAG,MAAM,kBAAQ,CAAC,UAAU,CAAC,MAAM,CAAC,EAAE,CAAC,CAAA;QACxD,WAAW,CAAC,IAAI,GAAG,IAAI,CAAC,IAAI,CAAA;QAC5B,OAAO,WAAW,CAAC,IAAI,EAAE,CAAA;IAC3B,CAAC;IAEM,KAAK,CAAC,OAAO,CAAC,EAAE,MAAM,EAAuB;QAClD,MAAM,WAAW,GAAG,MAAM,kBAAQ,CAAC,UAAU,CAAC,MAAM,CAAC,EAAE,CAAC,CAAA;QACxD,OAAO,WAAW,CAAC,MAAM,EAAE,CAAA;IAC7B,CAAC;CACF;AA1BD,uCA0BC","sourcesContent":["import type { HttpContextContract } from '@ioc:Adonis/Core/HttpContext'\r\nimport Category from 'App/Models/Category'\r\n\r\nexport default class CategoriesController {\r\n  public async index(ctx: HttpContextContract) {\r\n    return Category.all()\r\n  }\r\n\r\n  public async store({ request }: HttpContextContract) {\r\n    const body = request.body()\r\n    const newCategory = await Category.create(body)\r\n    return newCategory\r\n  }\r\n\r\n  public async show({ params }: HttpContextContract) {\r\n    return Category.findOrFail(params.id)\r\n  }\r\n\r\n  public async update({ params, request }: HttpContextContract) {\r\n    const body = request.body()\r\n    const theCategory = await Category.findOrFail(params.id)\r\n    theCategory.name = body.name\r\n    return theCategory.save()\r\n  }\r\n\r\n  public async destroy({ params }: HttpContextContract) {\r\n    const theCategory = await Category.findOrFail(params.id)\r\n    return theCategory.delete()\r\n  }\r\n}\r\n"]},"_coverageSchema":"1a1c01bbd47fc00a2c39e90264f33305004495a9","hash":"525cf8ce05de4a1eec07792f6f9c14f1bcda8d4c"},"C:\\Users\\david\\OneDrive\\Escritorio\\Project\\ProyectoSoftware\\fincapp-back\\app\\Models\\Category.ts":{"path":"C:\\Users\\david\\OneDrive\\Escritorio\\Project\\ProyectoSoftware\\fincapp-back\\app\\Models\\Category.ts","statementMap":{"0":{"start":{"line":2,"column":17},"end":{"line":7,"column":1}},"1":{"start":{"line":3,"column":12},"end":{"line":3,"column":28}},"2":{"start":{"line":3,"column":34},"end":{"line":3,"column":125}},"3":{"start":{"line":4,"column":4},"end":{"line":5,"column":150}},"4":{"start":{"line":4,"column":79},"end":{"line":4,"column":131}},"5":{"start":{"line":5,"column":9},"end":{"line":5,"column":150}},"6":{"start":{"line":5,"column":22},"end":{"line":5,"column":43}},"7":{"start":{"line":5,"column":58},"end":{"line":5,"column":150}},"8":{"start":{"line":5,"column":81},"end":{"line":5,"column":150}},"9":{"start":{"line":6,"column":4},"end":{"line":6,"column":66}},"10":{"start":{"line":8,"column":17},"end":{"line":10,"column":1}},"11":{"start":{"line":9,"column":4},"end":{"line":9,"column":109}},"12":{"start":{"line":9,"column":79},"end":{"line":9,"column":109}},"13":{"start":{"line":11,"column":22},"end":{"line":13,"column":1}},"14":{"start":{"line":12,"column":4},"end":{"line":12,"column":62}},"15":{"start":{"line":15,"column":0},"end":{"line":15,"column":62}},"16":{"start":{"line":16,"column":16},"end":{"line":16,"column":32}},"17":{"start":{"line":17,"column":14},"end":{"line":17,"column":63}},"18":{"start":{"line":18,"column":18},"end":{"line":18,"column":55}},"19":{"start":{"line":21,"column":0},"end":{"line":21,"column":30}},"20":{"start":{"line":22,"column":0},"end":{"line":25,"column":37}},"21":{"start":{"line":26,"column":0},"end":{"line":29,"column":39}},"22":{"start":{"line":30,"column":0},"end":{"line":33,"column":44}},"23":{"start":{"line":34,"column":0},"end":{"line":37,"column":44}},"24":{"start":{"line":38,"column":0},"end":{"line":43,"column":43}},"25":{"start":{"line":39,"column":29},"end":{"line":39,"column":46}},"26":{"start":{"line":44,"column":0},"end":{"line":44,"column":27}}},"fnMap":{"0":{"name":"(anonymous_0)","decl":{"start":{"line":2,"column":46},"end":{"line":2,"column":47}},"loc":{"start":{"line":2,"column":87},"end":{"line":7,"column":1}},"line":2},"1":{"name":"(anonymous_1)","decl":{"start":{"line":8,"column":46},"end":{"line":8,"column":47}},"loc":{"start":{"line":8,"column":62},"end":{"line":10,"column":1}},"line":8},"2":{"name":"(anonymous_2)","decl":{"start":{"line":11,"column":56},"end":{"line":11,"column":57}},"loc":{"start":{"line":11,"column":71},"end":{"line":13,"column":1}},"line":11},"3":{"name":"(anonymous_3)","decl":{"start":{"line":39,"column":23},"end":{"line":39,"column":24}},"loc":{"start":{"line":39,"column":29},"end":{"line":39,"column":46}},"line":39}},"branchMap":{"0":{"loc":{"start":{"line":2,"column":17},"end":{"line":7,"column":1}},"type":"binary-expr","locations":[{"start":{"line":2,"column":18},"end":{"line":2,"column":22}},{"start":{"line":2,"column":26},"end":{"line":2,"column":41}},{"start":{"line":2,"column":46},"end":{"line":7,"column":1}}],"line":2},"1":{"loc":{"start":{"line":3,"column":34},"end":{"line":3,"column":125}},"type":"cond-expr","locations":[{"start":{"line":3,"column":42},"end":{"line":3,"column":48}},{"start":{"line":3,"column":51},"end":{"line":3,"column":125}}],"line":3},"2":{"loc":{"start":{"line":3,"column":51},"end":{"line":3,"column":125}},"type":"cond-expr","locations":[{"start":{"line":3,"column":67},"end":{"line":3,"column":118}},{"start":{"line":3,"column":121},"end":{"line":3,"column":125}}],"line":3},"3":{"loc":{"start":{"line":4,"column":4},"end":{"line":5,"column":150}},"type":"if","locations":[{"start":{"line":4,"column":4},"end":{"line":5,"column":150}},{"start":{"line":4,"column":4},"end":{"line":5,"column":150}}],"line":4},"4":{"loc":{"start":{"line":4,"column":8},"end":{"line":4,"column":77}},"type":"binary-expr","locations":[{"start":{"line":4,"column":8},"end":{"line":4,"column":35}},{"start":{"line":4,"column":39},"end":{"line":4,"column":77}}],"line":4},"5":{"loc":{"start":{"line":5,"column":58},"end":{"line":5,"column":150}},"type":"if","locations":[{"start":{"line":5,"column":58},"end":{"line":5,"column":150}},{"start":{"line":5,"column":58},"end":{"line":5,"column":150}}],"line":5},"6":{"loc":{"start":{"line":5,"column":85},"end":{"line":5,"column":149}},"type":"binary-expr","locations":[{"start":{"line":5,"column":86},"end":{"line":5,"column":143}},{"start":{"line":5,"column":148},"end":{"line":5,"column":149}}],"line":5},"7":{"loc":{"start":{"line":5,"column":86},"end":{"line":5,"column":143}},"type":"cond-expr","locations":[{"start":{"line":5,"column":94},"end":{"line":5,"column":98}},{"start":{"line":5,"column":101},"end":{"line":5,"column":143}}],"line":5},"8":{"loc":{"start":{"line":5,"column":101},"end":{"line":5,"column":143}},"type":"cond-expr","locations":[{"start":{"line":5,"column":109},"end":{"line":5,"column":126}},{"start":{"line":5,"column":129},"end":{"line":5,"column":143}}],"line":5},"9":{"loc":{"start":{"line":6,"column":11},"end":{"line":6,"column":62}},"type":"binary-expr","locations":[{"start":{"line":6,"column":11},"end":{"line":6,"column":16}},{"start":{"line":6,"column":20},"end":{"line":6,"column":21}},{"start":{"line":6,"column":25},"end":{"line":6,"column":62}}],"line":6},"10":{"loc":{"start":{"line":8,"column":17},"end":{"line":10,"column":1}},"type":"binary-expr","locations":[{"start":{"line":8,"column":18},"end":{"line":8,"column":22}},{"start":{"line":8,"column":26},"end":{"line":8,"column":41}},{"start":{"line":8,"column":46},"end":{"line":10,"column":1}}],"line":8},"11":{"loc":{"start":{"line":9,"column":4},"end":{"line":9,"column":109}},"type":"if","locations":[{"start":{"line":9,"column":4},"end":{"line":9,"column":109}},{"start":{"line":9,"column":4},"end":{"line":9,"column":109}}],"line":9},"12":{"loc":{"start":{"line":9,"column":8},"end":{"line":9,"column":77}},"type":"binary-expr","locations":[{"start":{"line":9,"column":8},"end":{"line":9,"column":35}},{"start":{"line":9,"column":39},"end":{"line":9,"column":77}}],"line":9},"13":{"loc":{"start":{"line":11,"column":22},"end":{"line":13,"column":1}},"type":"binary-expr","locations":[{"start":{"line":11,"column":23},"end":{"line":11,"column":27}},{"start":{"line":11,"column":31},"end":{"line":11,"column":51}},{"start":{"line":11,"column":56},"end":{"line":13,"column":1}}],"line":11},"14":{"loc":{"start":{"line":12,"column":11},"end":{"line":12,"column":61}},"type":"cond-expr","locations":[{"start":{"line":12,"column":37},"end":{"line":12,"column":40}},{"start":{"line":12,"column":43},"end":{"line":12,"column":61}}],"line":12},"15":{"loc":{"start":{"line":12,"column":12},"end":{"line":12,"column":33}},"type":"binary-expr","locations":[{"start":{"line":12,"column":12},"end":{"line":12,"column":15}},{"start":{"line":12,"column":19},"end":{"line":12,"column":33}}],"line":12},"16":{"loc":{"start":{"line":28,"column":30},"end":{"line":28,"column":112}},"type":"cond-expr","locations":[{"start":{"line":28,"column":101},"end":{"line":28,"column":103}},{"start":{"line":28,"column":106},"end":{"line":28,"column":112}}],"line":28},"17":{"loc":{"start":{"line":28,"column":43},"end":{"line":28,"column":82}},"type":"binary-expr","locations":[{"start":{"line":28,"column":43},"end":{"line":28,"column":72}},{"start":{"line":28,"column":76},"end":{"line":28,"column":82}}],"line":28},"18":{"loc":{"start":{"line":32,"column":30},"end":{"line":32,"column":132}},"type":"cond-expr","locations":[{"start":{"line":32,"column":121},"end":{"line":32,"column":123}},{"start":{"line":32,"column":126},"end":{"line":32,"column":132}}],"line":32},"19":{"loc":{"start":{"line":32,"column":43},"end":{"line":32,"column":102}},"type":"binary-expr","locations":[{"start":{"line":32,"column":43},"end":{"line":32,"column":82}},{"start":{"line":32,"column":86},"end":{"line":32,"column":102}}],"line":32},"20":{"loc":{"start":{"line":36,"column":30},"end":{"line":36,"column":132}},"type":"cond-expr","locations":[{"start":{"line":36,"column":121},"end":{"line":36,"column":123}},{"start":{"line":36,"column":126},"end":{"line":36,"column":132}}],"line":36},"21":{"loc":{"start":{"line":36,"column":43},"end":{"line":36,"column":102}},"type":"binary-expr","locations":[{"start":{"line":36,"column":43},"end":{"line":36,"column":82}},{"start":{"line":36,"column":86},"end":{"line":36,"column":102}}],"line":36},"22":{"loc":{"start":{"line":42,"column":30},"end":{"line":42,"column":126}},"type":"cond-expr","locations":[{"start":{"line":42,"column":115},"end":{"line":42,"column":117}},{"start":{"line":42,"column":120},"end":{"line":42,"column":126}}],"line":42},"23":{"loc":{"start":{"line":42,"column":43},"end":{"line":42,"column":96}},"type":"binary-expr","locations":[{"start":{"line":42,"column":43},"end":{"line":42,"column":79}},{"start":{"line":42,"column":83},"end":{"line":42,"column":96}}],"line":42}},"s":{"0":1,"1":5,"2":5,"3":5,"4":5,"5":0,"6":0,"7":0,"8":0,"9":5,"10":1,"11":5,"12":5,"13":1,"14":1,"15":1,"16":1,"17":1,"18":1,"19":1,"20":1,"21":1,"22":1,"23":1,"24":1,"25":0,"26":1},"f":{"0":5,"1":5,"2":1,"3":0},"b":{"0":[1,1,1],"1":[0,5],"2":[0,5],"3":[5,0],"4":[5,5],"5":[0,0],"6":[0,0],"7":[0,0],"8":[0,0],"9":[5,5,0],"10":[1,1,1],"11":[5,0],"12":[5,5],"13":[1,1,1],"14":[1,0],"15":[1,1],"16":[1,0],"17":[1,1],"18":[1,0],"19":[1,1],"20":[1,0],"21":[1,1],"22":[0,1],"23":[1,0]},"inputSourceMap":{"version":3,"file":"Category.js","sourceRoot":"","sources":["Category.ts"],"names":[],"mappings":";;;;;;;;;;;;;;;AAAA,iCAAgC;AAChC,gEAA2E;AAC3E,wDAA+B;AAE/B,MAAqB,QAAS,SAAQ,eAAS;;AAC/B,cAAK,GAAG,YAAY,CAAA;AAElC;IADC,IAAA,YAAM,EAAC,EAAE,SAAS,EAAE,IAAI,EAAE,CAAC;;oCACX;AAGjB;IADC,IAAA,YAAM,GAAE;kDACI,MAAM,oBAAN,MAAM;sCAAA;AAGnB;IADC,YAAM,CAAC,QAAQ,CAAC,EAAE,UAAU,EAAE,IAAI,EAAE,CAAC;kDACpB,gBAAQ,oBAAR,gBAAQ;2CAAA;AAG1B;IADC,YAAM,CAAC,QAAQ,CAAC,EAAE,UAAU,EAAE,IAAI,EAAE,UAAU,EAAE,IAAI,EAAE,CAAC;kDACtC,gBAAQ,oBAAR,gBAAQ;2CAAA;AAK1B;IAHC,IAAA,aAAO,EAAC,GAAG,EAAE,CAAC,iBAAO,EAAE;QACtB,UAAU,EAAE,aAAa;KAC1B,CAAC;kDACe,aAAO,oBAAP,aAAO;0CAAgB;AAjB1C,2BAkBC","sourcesContent":["import { DateTime } from 'luxon'\r\nimport { BaseModel, column, HasMany, hasMany } from '@ioc:Adonis/Lucid/Orm'\r\nimport Product from './Product'\r\n\r\nexport default class Category extends BaseModel {\r\n  public static table = 'categories'\r\n  @column({ isPrimary: true })\r\n  public id: number\r\n\r\n  @column()\r\n  public name: String\r\n\r\n  @column.dateTime({ autoCreate: true })\r\n  public createdAt: DateTime\r\n\r\n  @column.dateTime({ autoCreate: true, autoUpdate: true })\r\n  public updatedAt: DateTime\r\n\r\n  @hasMany(() => Product, {\r\n    foreignKey: 'id_category',\r\n  })\r\n  public products: HasMany<typeof Product>\r\n}\r\n"]},"_coverageSchema":"1a1c01bbd47fc00a2c39e90264f33305004495a9","hash":"81db2bcd2b9e5c21302371c49d732cd060715158"},"C:\\Users\\david\\OneDrive\\Escritorio\\Project\\ProyectoSoftware\\fincapp-back\\app\\Models\\Product.ts":{"path":"C:\\Users\\david\\OneDrive\\Escritorio\\Project\\ProyectoSoftware\\fincapp-back\\app\\Models\\Product.ts","statementMap":{"0":{"start":{"line":2,"column":17},"end":{"line":7,"column":1}},"1":{"start":{"line":3,"column":12},"end":{"line":3,"column":28}},"2":{"start":{"line":3,"column":34},"end":{"line":3,"column":125}},"3":{"start":{"line":4,"column":4},"end":{"line":5,"column":150}},"4":{"start":{"line":4,"column":79},"end":{"line":4,"column":131}},"5":{"start":{"line":5,"column":9},"end":{"line":5,"column":150}},"6":{"start":{"line":5,"column":22},"end":{"line":5,"column":43}},"7":{"start":{"line":5,"column":58},"end":{"line":5,"column":150}},"8":{"start":{"line":5,"column":81},"end":{"line":5,"column":150}},"9":{"start":{"line":6,"column":4},"end":{"line":6,"column":66}},"10":{"start":{"line":8,"column":17},"end":{"line":10,"column":1}},"11":{"start":{"line":9,"column":4},"end":{"line":9,"column":109}},"12":{"start":{"line":9,"column":79},"end":{"line":9,"column":109}},"13":{"start":{"line":11,"column":22},"end":{"line":13,"column":1}},"14":{"start":{"line":12,"column":4},"end":{"line":12,"column":62}},"15":{"start":{"line":15,"column":0},"end":{"line":15,"column":62}},"16":{"start":{"line":16,"column":16},"end":{"line":16,"column":32}},"17":{"start":{"line":17,"column":14},"end":{"line":17,"column":63}},"18":{"start":{"line":18,"column":15},"end":{"line":18,"column":49}},"19":{"start":{"line":19,"column":19},"end":{"line":19,"column":57}},"20":{"start":{"line":20,"column":23},"end":{"line":20,"column":65}},"21":{"start":{"line":23,"column":0},"end":{"line":23,"column":27}},"22":{"start":{"line":24,"column":0},"end":{"line":27,"column":36}},"23":{"start":{"line":28,"column":0},"end":{"line":31,"column":38}},"24":{"start":{"line":32,"column":0},"end":{"line":35,"column":43}},"25":{"start":{"line":36,"column":0},"end":{"line":39,"column":43}},"26":{"start":{"line":40,"column":0},"end":{"line":43,"column":41}},"27":{"start":{"line":44,"column":0},"end":{"line":49,"column":38}},"28":{"start":{"line":45,"column":31},"end":{"line":45,"column":45}},"29":{"start":{"line":50,"column":0},"end":{"line":53,"column":45}},"30":{"start":{"line":54,"column":0},"end":{"line":59,"column":42}},"31":{"start":{"line":55,"column":31},"end":{"line":55,"column":49}},"32":{"start":{"line":60,"column":0},"end":{"line":65,"column":47}},"33":{"start":{"line":61,"column":29},"end":{"line":61,"column":51}},"34":{"start":{"line":66,"column":0},"end":{"line":66,"column":26}}},"fnMap":{"0":{"name":"(anonymous_0)","decl":{"start":{"line":2,"column":46},"end":{"line":2,"column":47}},"loc":{"start":{"line":2,"column":87},"end":{"line":7,"column":1}},"line":2},"1":{"name":"(anonymous_1)","decl":{"start":{"line":8,"column":46},"end":{"line":8,"column":47}},"loc":{"start":{"line":8,"column":62},"end":{"line":10,"column":1}},"line":8},"2":{"name":"(anonymous_2)","decl":{"start":{"line":11,"column":56},"end":{"line":11,"column":57}},"loc":{"start":{"line":11,"column":71},"end":{"line":13,"column":1}},"line":11},"3":{"name":"(anonymous_3)","decl":{"start":{"line":45,"column":25},"end":{"line":45,"column":26}},"loc":{"start":{"line":45,"column":31},"end":{"line":45,"column":45}},"line":45},"4":{"name":"(anonymous_4)","decl":{"start":{"line":55,"column":25},"end":{"line":55,"column":26}},"loc":{"start":{"line":55,"column":31},"end":{"line":55,"column":49}},"line":55},"5":{"name":"(anonymous_5)","decl":{"start":{"line":61,"column":23},"end":{"line":61,"column":24}},"loc":{"start":{"line":61,"column":29},"end":{"line":61,"column":51}},"line":61}},"branchMap":{"0":{"loc":{"start":{"line":2,"column":17},"end":{"line":7,"column":1}},"type":"binary-expr","locations":[{"start":{"line":2,"column":18},"end":{"line":2,"column":22}},{"start":{"line":2,"column":26},"end":{"line":2,"column":41}},{"start":{"line":2,"column":46},"end":{"line":7,"column":1}}],"line":2},"1":{"loc":{"start":{"line":3,"column":34},"end":{"line":3,"column":125}},"type":"cond-expr","locations":[{"start":{"line":3,"column":42},"end":{"line":3,"column":48}},{"start":{"line":3,"column":51},"end":{"line":3,"column":125}}],"line":3},"2":{"loc":{"start":{"line":3,"column":51},"end":{"line":3,"column":125}},"type":"cond-expr","locations":[{"start":{"line":3,"column":67},"end":{"line":3,"column":118}},{"start":{"line":3,"column":121},"end":{"line":3,"column":125}}],"line":3},"3":{"loc":{"start":{"line":4,"column":4},"end":{"line":5,"column":150}},"type":"if","locations":[{"start":{"line":4,"column":4},"end":{"line":5,"column":150}},{"start":{"line":4,"column":4},"end":{"line":5,"column":150}}],"line":4},"4":{"loc":{"start":{"line":4,"column":8},"end":{"line":4,"column":77}},"type":"binary-expr","locations":[{"start":{"line":4,"column":8},"end":{"line":4,"column":35}},{"start":{"line":4,"column":39},"end":{"line":4,"column":77}}],"line":4},"5":{"loc":{"start":{"line":5,"column":58},"end":{"line":5,"column":150}},"type":"if","locations":[{"start":{"line":5,"column":58},"end":{"line":5,"column":150}},{"start":{"line":5,"column":58},"end":{"line":5,"column":150}}],"line":5},"6":{"loc":{"start":{"line":5,"column":85},"end":{"line":5,"column":149}},"type":"binary-expr","locations":[{"start":{"line":5,"column":86},"end":{"line":5,"column":143}},{"start":{"line":5,"column":148},"end":{"line":5,"column":149}}],"line":5},"7":{"loc":{"start":{"line":5,"column":86},"end":{"line":5,"column":143}},"type":"cond-expr","locations":[{"start":{"line":5,"column":94},"end":{"line":5,"column":98}},{"start":{"line":5,"column":101},"end":{"line":5,"column":143}}],"line":5},"8":{"loc":{"start":{"line":5,"column":101},"end":{"line":5,"column":143}},"type":"cond-expr","locations":[{"start":{"line":5,"column":109},"end":{"line":5,"column":126}},{"start":{"line":5,"column":129},"end":{"line":5,"column":143}}],"line":5},"9":{"loc":{"start":{"line":6,"column":11},"end":{"line":6,"column":62}},"type":"binary-expr","locations":[{"start":{"line":6,"column":11},"end":{"line":6,"column":16}},{"start":{"line":6,"column":20},"end":{"line":6,"column":21}},{"start":{"line":6,"column":25},"end":{"line":6,"column":62}}],"line":6},"10":{"loc":{"start":{"line":8,"column":17},"end":{"line":10,"column":1}},"type":"binary-expr","locations":[{"start":{"line":8,"column":18},"end":{"line":8,"column":22}},{"start":{"line":8,"column":26},"end":{"line":8,"column":41}},{"start":{"line":8,"column":46},"end":{"line":10,"column":1}}],"line":8},"11":{"loc":{"start":{"line":9,"column":4},"end":{"line":9,"column":109}},"type":"if","locations":[{"start":{"line":9,"column":4},"end":{"line":9,"column":109}},{"start":{"line":9,"column":4},"end":{"line":9,"column":109}}],"line":9},"12":{"loc":{"start":{"line":9,"column":8},"end":{"line":9,"column":77}},"type":"binary-expr","locations":[{"start":{"line":9,"column":8},"end":{"line":9,"column":35}},{"start":{"line":9,"column":39},"end":{"line":9,"column":77}}],"line":9},"13":{"loc":{"start":{"line":11,"column":22},"end":{"line":13,"column":1}},"type":"binary-expr","locations":[{"start":{"line":11,"column":23},"end":{"line":11,"column":27}},{"start":{"line":11,"column":31},"end":{"line":11,"column":51}},{"start":{"line":11,"column":56},"end":{"line":13,"column":1}}],"line":11},"14":{"loc":{"start":{"line":12,"column":11},"end":{"line":12,"column":61}},"type":"cond-expr","locations":[{"start":{"line":12,"column":37},"end":{"line":12,"column":40}},{"start":{"line":12,"column":43},"end":{"line":12,"column":61}}],"line":12},"15":{"loc":{"start":{"line":12,"column":12},"end":{"line":12,"column":33}},"type":"binary-expr","locations":[{"start":{"line":12,"column":12},"end":{"line":12,"column":15}},{"start":{"line":12,"column":19},"end":{"line":12,"column":33}}],"line":12},"16":{"loc":{"start":{"line":34,"column":30},"end":{"line":34,"column":132}},"type":"cond-expr","locations":[{"start":{"line":34,"column":121},"end":{"line":34,"column":123}},{"start":{"line":34,"column":126},"end":{"line":34,"column":132}}],"line":34},"17":{"loc":{"start":{"line":34,"column":43},"end":{"line":34,"column":102}},"type":"binary-expr","locations":[{"start":{"line":34,"column":43},"end":{"line":34,"column":82}},{"start":{"line":34,"column":86},"end":{"line":34,"column":102}}],"line":34},"18":{"loc":{"start":{"line":38,"column":30},"end":{"line":38,"column":132}},"type":"cond-expr","locations":[{"start":{"line":38,"column":121},"end":{"line":38,"column":123}},{"start":{"line":38,"column":126},"end":{"line":38,"column":132}}],"line":38},"19":{"loc":{"start":{"line":38,"column":43},"end":{"line":38,"column":102}},"type":"binary-expr","locations":[{"start":{"line":38,"column":43},"end":{"line":38,"column":82}},{"start":{"line":38,"column":86},"end":{"line":38,"column":102}}],"line":38},"20":{"loc":{"start":{"line":48,"column":30},"end":{"line":48,"column":130}},"type":"cond-expr","locations":[{"start":{"line":48,"column":119},"end":{"line":48,"column":121}},{"start":{"line":48,"column":124},"end":{"line":48,"column":130}}],"line":48},"21":{"loc":{"start":{"line":48,"column":43},"end":{"line":48,"column":100}},"type":"binary-expr","locations":[{"start":{"line":48,"column":43},"end":{"line":48,"column":81}},{"start":{"line":48,"column":85},"end":{"line":48,"column":100}}],"line":48},"22":{"loc":{"start":{"line":58,"column":30},"end":{"line":58,"column":130}},"type":"cond-expr","locations":[{"start":{"line":58,"column":119},"end":{"line":58,"column":121}},{"start":{"line":58,"column":124},"end":{"line":58,"column":130}}],"line":58},"23":{"loc":{"start":{"line":58,"column":43},"end":{"line":58,"column":100}},"type":"binary-expr","locations":[{"start":{"line":58,"column":43},"end":{"line":58,"column":81}},{"start":{"line":58,"column":85},"end":{"line":58,"column":100}}],"line":58},"24":{"loc":{"start":{"line":64,"column":30},"end":{"line":64,"column":126}},"type":"cond-expr","locations":[{"start":{"line":64,"column":115},"end":{"line":64,"column":117}},{"start":{"line":64,"column":120},"end":{"line":64,"column":126}}],"line":64},"25":{"loc":{"start":{"line":64,"column":43},"end":{"line":64,"column":96}},"type":"binary-expr","locations":[{"start":{"line":64,"column":43},"end":{"line":64,"column":79}},{"start":{"line":64,"column":83},"end":{"line":64,"column":96}}],"line":64}},"s":{"0":1,"1":9,"2":9,"3":9,"4":9,"5":0,"6":0,"7":0,"8":0,"9":9,"10":1,"11":9,"12":9,"13":1,"14":3,"15":1,"16":1,"17":1,"18":1,"19":1,"20":1,"21":1,"22":1,"23":1,"24":1,"25":1,"26":1,"27":1,"28":5,"29":1,"30":1,"31":5,"32":1,"33":3,"34":1},"f":{"0":9,"1":9,"2":3,"3":5,"4":5,"5":3},"b":{"0":[1,1,1],"1":[0,9],"2":[0,9],"3":[9,0],"4":[9,9],"5":[0,0],"6":[0,0],"7":[0,0],"8":[0,0],"9":[9,9,0],"10":[1,1,1],"11":[9,0],"12":[9,9],"13":[1,1,1],"14":[3,0],"15":[3,3],"16":[1,0],"17":[1,1],"18":[1,0],"19":[1,1],"20":[0,1],"21":[1,0],"22":[0,1],"23":[1,0],"24":[0,1],"25":[1,0]},"inputSourceMap":{"version":3,"file":"Product.js","sourceRoot":"","sources":["Product.ts"],"names":[],"mappings":";;;;;;;;;;;;;;;AAAA,iCAAgC;AAChC,gEAAiG;AACjG,kDAAyB;AACzB,0DAAiC;AACjC,kEAAyC;AAEzC,MAAqB,OAAQ,SAAQ,eAAS;;AAC9B,aAAK,GAAG,UAAU,CAAA;AAGhC;IADC,IAAA,YAAM,EAAC,EAAE,SAAS,EAAE,IAAI,EAAE,CAAC;;mCACX;AAGjB;IADC,IAAA,YAAM,GAAE;;qCACU;AAGnB;IADC,YAAM,CAAC,QAAQ,CAAC,EAAE,UAAU,EAAE,IAAI,EAAE,CAAC;kDACpB,gBAAQ,oBAAR,gBAAQ;0CAAA;AAG1B;IADC,YAAM,CAAC,QAAQ,CAAC,EAAE,UAAU,EAAE,IAAI,EAAE,UAAU,EAAE,IAAI,EAAE,CAAC;kDACtC,gBAAQ,oBAAR,gBAAQ;0CAAA;AAG1B;IADC,IAAA,YAAM,GAAE;;wCACa;AAKtB;IAHC,IAAA,eAAS,EAAC,GAAG,EAAE,CAAC,cAAI,EAAE;QACrB,UAAU,EAAE,SAAS;KACtB,CAAC;kDACW,eAAS,oBAAT,eAAS;qCAAa;AAGnC;IADC,IAAA,YAAM,GAAE;;4CACiB;AAK1B;IAHC,IAAA,eAAS,EAAC,GAAG,EAAE,CAAC,kBAAQ,EAAE;QACzB,UAAU,EAAE,aAAa;KAC1B,CAAC;kDACe,eAAS,oBAAT,eAAS;yCAAiB;AAK3C;IAHC,IAAA,aAAO,EAAC,GAAG,EAAE,CAAC,sBAAY,EAAE;QAC3B,UAAU,EAAE,YAAY;KACzB,CAAC;kDACoB,aAAO,oBAAP,aAAO;8CAAqB;AAlCpD,0BAmCC","sourcesContent":["import { DateTime } from 'luxon'\r\nimport { BaseModel, BelongsTo, belongsTo, column, HasMany, hasMany } from '@ioc:Adonis/Lucid/Orm'\r\nimport Farm from './Farm'\r\nimport Category from './Category'\r\nimport StockProduct from './StockProduct'\r\n\r\nexport default class Product extends BaseModel {\r\n  public static table = 'products'\r\n\r\n  @column({ isPrimary: true })\r\n  public id: number\r\n\r\n  @column()\r\n  public name: string\r\n\r\n  @column.dateTime({ autoCreate: true })\r\n  public createdAt: DateTime\r\n\r\n  @column.dateTime({ autoCreate: true, autoUpdate: true })\r\n  public updatedAt: DateTime\r\n\r\n  @column()\r\n  public id_farm: number\r\n\r\n  @belongsTo(() => Farm, {\r\n    foreignKey: 'id_farm',\r\n  })\r\n  public farm: BelongsTo<typeof Farm>\r\n\r\n  @column()\r\n  public id_category: number\r\n\r\n  @belongsTo(() => Category, {\r\n    foreignKey: 'id_category',\r\n  })\r\n  public category: BelongsTo<typeof Category>\r\n\r\n  @hasMany(() => StockProduct, {\r\n    foreignKey: 'id_product',\r\n  })\r\n  public stockProducts: HasMany<typeof StockProduct>\r\n}\r\n"]},"_coverageSchema":"1a1c01bbd47fc00a2c39e90264f33305004495a9","hash":"8f85d8f9af6b386c18d818d69c6f56ef21504e68"},"C:\\Users\\david\\OneDrive\\Escritorio\\Project\\ProyectoSoftware\\fincapp-back\\app\\Models\\Farm.ts":{"path":"C:\\Users\\david\\OneDrive\\Escritorio\\Project\\ProyectoSoftware\\fincapp-back\\app\\Models\\Farm.ts","statementMap":{"0":{"start":{"line":2,"column":17},"end":{"line":7,"column":1}},"1":{"start":{"line":3,"column":12},"end":{"line":3,"column":28}},"2":{"start":{"line":3,"column":34},"end":{"line":3,"column":125}},"3":{"start":{"line":4,"column":4},"end":{"line":5,"column":150}},"4":{"start":{"line":4,"column":79},"end":{"line":4,"column":131}},"5":{"start":{"line":5,"column":9},"end":{"line":5,"column":150}},"6":{"start":{"line":5,"column":22},"end":{"line":5,"column":43}},"7":{"start":{"line":5,"column":58},"end":{"line":5,"column":150}},"8":{"start":{"line":5,"column":81},"end":{"line":5,"column":150}},"9":{"start":{"line":6,"column":4},"end":{"line":6,"column":66}},"10":{"start":{"line":8,"column":17},"end":{"line":10,"column":1}},"11":{"start":{"line":9,"column":4},"end":{"line":9,"column":109}},"12":{"start":{"line":9,"column":79},"end":{"line":9,"column":109}},"13":{"start":{"line":11,"column":22},"end":{"line":13,"column":1}},"14":{"start":{"line":12,"column":4},"end":{"line":12,"column":62}},"15":{"start":{"line":15,"column":0},"end":{"line":15,"column":62}},"16":{"start":{"line":16,"column":16},"end":{"line":16,"column":32}},"17":{"start":{"line":17,"column":14},"end":{"line":17,"column":63}},"18":{"start":{"line":18,"column":18},"end":{"line":18,"column":55}},"19":{"start":{"line":19,"column":16},"end":{"line":19,"column":51}},"20":{"start":{"line":22,"column":0},"end":{"line":22,"column":21}},"21":{"start":{"line":23,"column":0},"end":{"line":26,"column":33}},"22":{"start":{"line":27,"column":0},"end":{"line":30,"column":38}},"23":{"start":{"line":31,"column":0},"end":{"line":34,"column":35}},"24":{"start":{"line":35,"column":0},"end":{"line":38,"column":38}},"25":{"start":{"line":39,"column":0},"end":{"line":42,"column":45}},"26":{"start":{"line":43,"column":0},"end":{"line":46,"column":36}},"27":{"start":{"line":47,"column":0},"end":{"line":50,"column":40}},"28":{"start":{"line":51,"column":0},"end":{"line":54,"column":40}},"29":{"start":{"line":55,"column":0},"end":{"line":60,"column":39}},"30":{"start":{"line":56,"column":29},"end":{"line":56,"column":46}},"31":{"start":{"line":61,"column":0},"end":{"line":66,"column":37}},"32":{"start":{"line":62,"column":29},"end":{"line":62,"column":44}},"33":{"start":{"line":67,"column":0},"end":{"line":67,"column":23}}},"fnMap":{"0":{"name":"(anonymous_0)","decl":{"start":{"line":2,"column":46},"end":{"line":2,"column":47}},"loc":{"start":{"line":2,"column":87},"end":{"line":7,"column":1}},"line":2},"1":{"name":"(anonymous_1)","decl":{"start":{"line":8,"column":46},"end":{"line":8,"column":47}},"loc":{"start":{"line":8,"column":62},"end":{"line":10,"column":1}},"line":8},"2":{"name":"(anonymous_2)","decl":{"start":{"line":11,"column":56},"end":{"line":11,"column":57}},"loc":{"start":{"line":11,"column":71},"end":{"line":13,"column":1}},"line":11},"3":{"name":"(anonymous_3)","decl":{"start":{"line":56,"column":23},"end":{"line":56,"column":24}},"loc":{"start":{"line":56,"column":29},"end":{"line":56,"column":46}},"line":56},"4":{"name":"(anonymous_4)","decl":{"start":{"line":62,"column":23},"end":{"line":62,"column":24}},"loc":{"start":{"line":62,"column":29},"end":{"line":62,"column":44}},"line":62}},"branchMap":{"0":{"loc":{"start":{"line":2,"column":17},"end":{"line":7,"column":1}},"type":"binary-expr","locations":[{"start":{"line":2,"column":18},"end":{"line":2,"column":22}},{"start":{"line":2,"column":26},"end":{"line":2,"column":41}},{"start":{"line":2,"column":46},"end":{"line":7,"column":1}}],"line":2},"1":{"loc":{"start":{"line":3,"column":34},"end":{"line":3,"column":125}},"type":"cond-expr","locations":[{"start":{"line":3,"column":42},"end":{"line":3,"column":48}},{"start":{"line":3,"column":51},"end":{"line":3,"column":125}}],"line":3},"2":{"loc":{"start":{"line":3,"column":51},"end":{"line":3,"column":125}},"type":"cond-expr","locations":[{"start":{"line":3,"column":67},"end":{"line":3,"column":118}},{"start":{"line":3,"column":121},"end":{"line":3,"column":125}}],"line":3},"3":{"loc":{"start":{"line":4,"column":4},"end":{"line":5,"column":150}},"type":"if","locations":[{"start":{"line":4,"column":4},"end":{"line":5,"column":150}},{"start":{"line":4,"column":4},"end":{"line":5,"column":150}}],"line":4},"4":{"loc":{"start":{"line":4,"column":8},"end":{"line":4,"column":77}},"type":"binary-expr","locations":[{"start":{"line":4,"column":8},"end":{"line":4,"column":35}},{"start":{"line":4,"column":39},"end":{"line":4,"column":77}}],"line":4},"5":{"loc":{"start":{"line":5,"column":58},"end":{"line":5,"column":150}},"type":"if","locations":[{"start":{"line":5,"column":58},"end":{"line":5,"column":150}},{"start":{"line":5,"column":58},"end":{"line":5,"column":150}}],"line":5},"6":{"loc":{"start":{"line":5,"column":85},"end":{"line":5,"column":149}},"type":"binary-expr","locations":[{"start":{"line":5,"column":86},"end":{"line":5,"column":143}},{"start":{"line":5,"column":148},"end":{"line":5,"column":149}}],"line":5},"7":{"loc":{"start":{"line":5,"column":86},"end":{"line":5,"column":143}},"type":"cond-expr","locations":[{"start":{"line":5,"column":94},"end":{"line":5,"column":98}},{"start":{"line":5,"column":101},"end":{"line":5,"column":143}}],"line":5},"8":{"loc":{"start":{"line":5,"column":101},"end":{"line":5,"column":143}},"type":"cond-expr","locations":[{"start":{"line":5,"column":109},"end":{"line":5,"column":126}},{"start":{"line":5,"column":129},"end":{"line":5,"column":143}}],"line":5},"9":{"loc":{"start":{"line":6,"column":11},"end":{"line":6,"column":62}},"type":"binary-expr","locations":[{"start":{"line":6,"column":11},"end":{"line":6,"column":16}},{"start":{"line":6,"column":20},"end":{"line":6,"column":21}},{"start":{"line":6,"column":25},"end":{"line":6,"column":62}}],"line":6},"10":{"loc":{"start":{"line":8,"column":17},"end":{"line":10,"column":1}},"type":"binary-expr","locations":[{"start":{"line":8,"column":18},"end":{"line":8,"column":22}},{"start":{"line":8,"column":26},"end":{"line":8,"column":41}},{"start":{"line":8,"column":46},"end":{"line":10,"column":1}}],"line":8},"11":{"loc":{"start":{"line":9,"column":4},"end":{"line":9,"column":109}},"type":"if","locations":[{"start":{"line":9,"column":4},"end":{"line":9,"column":109}},{"start":{"line":9,"column":4},"end":{"line":9,"column":109}}],"line":9},"12":{"loc":{"start":{"line":9,"column":8},"end":{"line":9,"column":77}},"type":"binary-expr","locations":[{"start":{"line":9,"column":8},"end":{"line":9,"column":35}},{"start":{"line":9,"column":39},"end":{"line":9,"column":77}}],"line":9},"13":{"loc":{"start":{"line":11,"column":22},"end":{"line":13,"column":1}},"type":"binary-expr","locations":[{"start":{"line":11,"column":23},"end":{"line":11,"column":27}},{"start":{"line":11,"column":31},"end":{"line":11,"column":51}},{"start":{"line":11,"column":56},"end":{"line":13,"column":1}}],"line":11},"14":{"loc":{"start":{"line":12,"column":11},"end":{"line":12,"column":61}},"type":"cond-expr","locations":[{"start":{"line":12,"column":37},"end":{"line":12,"column":40}},{"start":{"line":12,"column":43},"end":{"line":12,"column":61}}],"line":12},"15":{"loc":{"start":{"line":12,"column":12},"end":{"line":12,"column":33}},"type":"binary-expr","locations":[{"start":{"line":12,"column":12},"end":{"line":12,"column":15}},{"start":{"line":12,"column":19},"end":{"line":12,"column":33}}],"line":12},"16":{"loc":{"start":{"line":49,"column":30},"end":{"line":49,"column":132}},"type":"cond-expr","locations":[{"start":{"line":49,"column":121},"end":{"line":49,"column":123}},{"start":{"line":49,"column":126},"end":{"line":49,"column":132}}],"line":49},"17":{"loc":{"start":{"line":49,"column":43},"end":{"line":49,"column":102}},"type":"binary-expr","locations":[{"start":{"line":49,"column":43},"end":{"line":49,"column":82}},{"start":{"line":49,"column":86},"end":{"line":49,"column":102}}],"line":49},"18":{"loc":{"start":{"line":53,"column":30},"end":{"line":53,"column":132}},"type":"cond-expr","locations":[{"start":{"line":53,"column":121},"end":{"line":53,"column":123}},{"start":{"line":53,"column":126},"end":{"line":53,"column":132}}],"line":53},"19":{"loc":{"start":{"line":53,"column":43},"end":{"line":53,"column":102}},"type":"binary-expr","locations":[{"start":{"line":53,"column":43},"end":{"line":53,"column":82}},{"start":{"line":53,"column":86},"end":{"line":53,"column":102}}],"line":53},"20":{"loc":{"start":{"line":59,"column":30},"end":{"line":59,"column":126}},"type":"cond-expr","locations":[{"start":{"line":59,"column":115},"end":{"line":59,"column":117}},{"start":{"line":59,"column":120},"end":{"line":59,"column":126}}],"line":59},"21":{"loc":{"start":{"line":59,"column":43},"end":{"line":59,"column":96}},"type":"binary-expr","locations":[{"start":{"line":59,"column":43},"end":{"line":59,"column":79}},{"start":{"line":59,"column":83},"end":{"line":59,"column":96}}],"line":59},"22":{"loc":{"start":{"line":65,"column":30},"end":{"line":65,"column":126}},"type":"cond-expr","locations":[{"start":{"line":65,"column":115},"end":{"line":65,"column":117}},{"start":{"line":65,"column":120},"end":{"line":65,"column":126}}],"line":65},"23":{"loc":{"start":{"line":65,"column":43},"end":{"line":65,"column":96}},"type":"binary-expr","locations":[{"start":{"line":65,"column":43},"end":{"line":65,"column":79}},{"start":{"line":65,"column":83},"end":{"line":65,"column":96}}],"line":65}},"s":{"0":1,"1":10,"2":10,"3":10,"4":10,"5":0,"6":0,"7":0,"8":0,"9":10,"10":1,"11":10,"12":10,"13":1,"14":2,"15":1,"16":1,"17":1,"18":1,"19":1,"20":1,"21":1,"22":1,"23":1,"24":1,"25":1,"26":1,"27":1,"28":1,"29":1,"30":7,"31":1,"32":7,"33":1},"f":{"0":10,"1":10,"2":2,"3":7,"4":7},"b":{"0":[1,1,1],"1":[0,10],"2":[0,10],"3":[10,0],"4":[10,10],"5":[0,0],"6":[0,0],"7":[0,0],"8":[0,0],"9":[10,10,0],"10":[1,1,1],"11":[10,0],"12":[10,10],"13":[1,1,1],"14":[2,0],"15":[2,2],"16":[1,0],"17":[1,1],"18":[1,0],"19":[1,1],"20":[0,1],"21":[1,0],"22":[0,1],"23":[1,0]},"inputSourceMap":{"version":3,"file":"Farm.js","sourceRoot":"","sources":["Farm.ts"],"names":[],"mappings":";;;;;;;;;;;;;;;AAAA,iCAAgC;AAChC,gEAA2E;AAC3E,wDAA+B;AAC/B,oDAA2B;AAE3B,MAAqB,IAAK,SAAQ,eAAS;;AAC3B,UAAK,GAAG,OAAO,CAAA;AAE7B;IADC,IAAA,YAAM,EAAC,EAAE,SAAS,EAAE,IAAI,EAAE,CAAC;;gCACX;AAGjB;IADC,IAAA,YAAM,GAAE;;qCACa;AAGtB;IADC,IAAA,YAAM,GAAE;;kCACU;AAGnB;IADC,IAAA,YAAM,GAAE;;qCACa;AAGtB;IADC,IAAA,YAAM,GAAE;;4CACoB;AAG7B;IADC,IAAA,YAAM,GAAE;;mCACW;AAGpB;IADC,YAAM,CAAC,QAAQ,CAAC,EAAE,UAAU,EAAE,IAAI,EAAE,CAAC;kDACpB,gBAAQ,oBAAR,gBAAQ;uCAAA;AAG1B;IADC,YAAM,CAAC,QAAQ,CAAC,EAAE,UAAU,EAAE,IAAI,EAAE,UAAU,EAAE,IAAI,EAAE,CAAC;kDACtC,gBAAQ,oBAAR,gBAAQ;uCAAA;AAK1B;IAHC,IAAA,aAAO,EAAC,GAAG,EAAE,CAAC,iBAAO,EAAE;QACtB,UAAU,EAAE,SAAS;KACtB,CAAC;kDACe,aAAO,oBAAP,aAAO;sCAAgB;AAKxC;IAHC,IAAA,aAAO,EAAC,GAAG,EAAE,CAAC,eAAK,EAAE;QACpB,UAAU,EAAE,SAAS;KACtB,CAAC;kDACa,aAAO,oBAAP,aAAO;oCAAc;AAlCtC,uBAmCC","sourcesContent":["import { DateTime } from 'luxon'\r\nimport { BaseModel, column, HasMany, hasMany } from '@ioc:Adonis/Lucid/Orm'\r\nimport Product from './Product'\r\nimport Order from './Order'\r\n\r\nexport default class Farm extends BaseModel {\r\n  public static table = 'farms'\r\n  @column({ isPrimary: true })\r\n  public id: number\r\n\r\n  @column()\r\n  public id_user: number\r\n\r\n  @column()\r\n  public name: string\r\n\r\n  @column()\r\n  public address: string\r\n\r\n  @column()\r\n  public number_license: string\r\n\r\n  @column()\r\n  public image: string\r\n\r\n  @column.dateTime({ autoCreate: true })\r\n  public createdAt: DateTime\r\n\r\n  @column.dateTime({ autoCreate: true, autoUpdate: true })\r\n  public updatedAt: DateTime\r\n\r\n  @hasMany(() => Product, {\r\n    foreignKey: 'id_farm',\r\n  })\r\n  public products: HasMany<typeof Product>\r\n\r\n  @hasMany(() => Order, {\r\n    foreignKey: 'id_farm',\r\n  })\r\n  public orders: HasMany<typeof Order>\r\n}\r\n"]},"_coverageSchema":"1a1c01bbd47fc00a2c39e90264f33305004495a9","hash":"fadd1b1e9991c7e2f8e1dc38ac974dedda8ddc3d"},"C:\\Users\\david\\OneDrive\\Escritorio\\Project\\ProyectoSoftware\\fincapp-back\\app\\Models\\Order.ts":{"path":"C:\\Users\\david\\OneDrive\\Escritorio\\Project\\ProyectoSoftware\\fincapp-back\\app\\Models\\Order.ts","statementMap":{"0":{"start":{"line":2,"column":17},"end":{"line":7,"column":1}},"1":{"start":{"line":3,"column":12},"end":{"line":3,"column":28}},"2":{"start":{"line":3,"column":34},"end":{"line":3,"column":125}},"3":{"start":{"line":4,"column":4},"end":{"line":5,"column":150}},"4":{"start":{"line":4,"column":79},"end":{"line":4,"column":131}},"5":{"start":{"line":5,"column":9},"end":{"line":5,"column":150}},"6":{"start":{"line":5,"column":22},"end":{"line":5,"column":43}},"7":{"start":{"line":5,"column":58},"end":{"line":5,"column":150}},"8":{"start":{"line":5,"column":81},"end":{"line":5,"column":150}},"9":{"start":{"line":6,"column":4},"end":{"line":6,"column":66}},"10":{"start":{"line":8,"column":17},"end":{"line":10,"column":1}},"11":{"start":{"line":9,"column":4},"end":{"line":9,"column":109}},"12":{"start":{"line":9,"column":79},"end":{"line":9,"column":109}},"13":{"start":{"line":11,"column":22},"end":{"line":13,"column":1}},"14":{"start":{"line":12,"column":4},"end":{"line":12,"column":62}},"15":{"start":{"line":15,"column":0},"end":{"line":15,"column":62}},"16":{"start":{"line":16,"column":16},"end":{"line":16,"column":32}},"17":{"start":{"line":17,"column":23},"end":{"line":17,"column":65}},"18":{"start":{"line":18,"column":14},"end":{"line":18,"column":63}},"19":{"start":{"line":19,"column":15},"end":{"line":19,"column":49}},"20":{"start":{"line":20,"column":15},"end":{"line":20,"column":49}},"21":{"start":{"line":23,"column":0},"end":{"line":23,"column":23}},"22":{"start":{"line":24,"column":0},"end":{"line":27,"column":34}},"23":{"start":{"line":28,"column":0},"end":{"line":31,"column":39}},"24":{"start":{"line":32,"column":0},"end":{"line":35,"column":39}},"25":{"start":{"line":36,"column":0},"end":{"line":39,"column":42}},"26":{"start":{"line":40,"column":0},"end":{"line":43,"column":37}},"27":{"start":{"line":44,"column":0},"end":{"line":47,"column":44}},"28":{"start":{"line":48,"column":0},"end":{"line":51,"column":45}},"29":{"start":{"line":52,"column":0},"end":{"line":55,"column":43}},"30":{"start":{"line":56,"column":0},"end":{"line":59,"column":41}},"31":{"start":{"line":60,"column":0},"end":{"line":63,"column":41}},"32":{"start":{"line":64,"column":0},"end":{"line":71,"column":45}},"33":{"start":{"line":65,"column":32},"end":{"line":65,"column":54}},"34":{"start":{"line":72,"column":0},"end":{"line":77,"column":36}},"35":{"start":{"line":73,"column":31},"end":{"line":73,"column":45}},"36":{"start":{"line":78,"column":0},"end":{"line":83,"column":36}},"37":{"start":{"line":79,"column":31},"end":{"line":79,"column":45}},"38":{"start":{"line":84,"column":0},"end":{"line":84,"column":24}}},"fnMap":{"0":{"name":"(anonymous_0)","decl":{"start":{"line":2,"column":46},"end":{"line":2,"column":47}},"loc":{"start":{"line":2,"column":87},"end":{"line":7,"column":1}},"line":2},"1":{"name":"(anonymous_1)","decl":{"start":{"line":8,"column":46},"end":{"line":8,"column":47}},"loc":{"start":{"line":8,"column":62},"end":{"line":10,"column":1}},"line":8},"2":{"name":"(anonymous_2)","decl":{"start":{"line":11,"column":56},"end":{"line":11,"column":57}},"loc":{"start":{"line":11,"column":71},"end":{"line":13,"column":1}},"line":11},"3":{"name":"(anonymous_3)","decl":{"start":{"line":65,"column":26},"end":{"line":65,"column":27}},"loc":{"start":{"line":65,"column":32},"end":{"line":65,"column":54}},"line":65},"4":{"name":"(anonymous_4)","decl":{"start":{"line":73,"column":25},"end":{"line":73,"column":26}},"loc":{"start":{"line":73,"column":31},"end":{"line":73,"column":45}},"line":73},"5":{"name":"(anonymous_5)","decl":{"start":{"line":79,"column":25},"end":{"line":79,"column":26}},"loc":{"start":{"line":79,"column":31},"end":{"line":79,"column":45}},"line":79}},"branchMap":{"0":{"loc":{"start":{"line":2,"column":17},"end":{"line":7,"column":1}},"type":"binary-expr","locations":[{"start":{"line":2,"column":18},"end":{"line":2,"column":22}},{"start":{"line":2,"column":26},"end":{"line":2,"column":41}},{"start":{"line":2,"column":46},"end":{"line":7,"column":1}}],"line":2},"1":{"loc":{"start":{"line":3,"column":34},"end":{"line":3,"column":125}},"type":"cond-expr","locations":[{"start":{"line":3,"column":42},"end":{"line":3,"column":48}},{"start":{"line":3,"column":51},"end":{"line":3,"column":125}}],"line":3},"2":{"loc":{"start":{"line":3,"column":51},"end":{"line":3,"column":125}},"type":"cond-expr","locations":[{"start":{"line":3,"column":67},"end":{"line":3,"column":118}},{"start":{"line":3,"column":121},"end":{"line":3,"column":125}}],"line":3},"3":{"loc":{"start":{"line":4,"column":4},"end":{"line":5,"column":150}},"type":"if","locations":[{"start":{"line":4,"column":4},"end":{"line":5,"column":150}},{"start":{"line":4,"column":4},"end":{"line":5,"column":150}}],"line":4},"4":{"loc":{"start":{"line":4,"column":8},"end":{"line":4,"column":77}},"type":"binary-expr","locations":[{"start":{"line":4,"column":8},"end":{"line":4,"column":35}},{"start":{"line":4,"column":39},"end":{"line":4,"column":77}}],"line":4},"5":{"loc":{"start":{"line":5,"column":58},"end":{"line":5,"column":150}},"type":"if","locations":[{"start":{"line":5,"column":58},"end":{"line":5,"column":150}},{"start":{"line":5,"column":58},"end":{"line":5,"column":150}}],"line":5},"6":{"loc":{"start":{"line":5,"column":85},"end":{"line":5,"column":149}},"type":"binary-expr","locations":[{"start":{"line":5,"column":86},"end":{"line":5,"column":143}},{"start":{"line":5,"column":148},"end":{"line":5,"column":149}}],"line":5},"7":{"loc":{"start":{"line":5,"column":86},"end":{"line":5,"column":143}},"type":"cond-expr","locations":[{"start":{"line":5,"column":94},"end":{"line":5,"column":98}},{"start":{"line":5,"column":101},"end":{"line":5,"column":143}}],"line":5},"8":{"loc":{"start":{"line":5,"column":101},"end":{"line":5,"column":143}},"type":"cond-expr","locations":[{"start":{"line":5,"column":109},"end":{"line":5,"column":126}},{"start":{"line":5,"column":129},"end":{"line":5,"column":143}}],"line":5},"9":{"loc":{"start":{"line":6,"column":11},"end":{"line":6,"column":62}},"type":"binary-expr","locations":[{"start":{"line":6,"column":11},"end":{"line":6,"column":16}},{"start":{"line":6,"column":20},"end":{"line":6,"column":21}},{"start":{"line":6,"column":25},"end":{"line":6,"column":62}}],"line":6},"10":{"loc":{"start":{"line":8,"column":17},"end":{"line":10,"column":1}},"type":"binary-expr","locations":[{"start":{"line":8,"column":18},"end":{"line":8,"column":22}},{"start":{"line":8,"column":26},"end":{"line":8,"column":41}},{"start":{"line":8,"column":46},"end":{"line":10,"column":1}}],"line":8},"11":{"loc":{"start":{"line":9,"column":4},"end":{"line":9,"column":109}},"type":"if","locations":[{"start":{"line":9,"column":4},"end":{"line":9,"column":109}},{"start":{"line":9,"column":4},"end":{"line":9,"column":109}}],"line":9},"12":{"loc":{"start":{"line":9,"column":8},"end":{"line":9,"column":77}},"type":"binary-expr","locations":[{"start":{"line":9,"column":8},"end":{"line":9,"column":35}},{"start":{"line":9,"column":39},"end":{"line":9,"column":77}}],"line":9},"13":{"loc":{"start":{"line":11,"column":22},"end":{"line":13,"column":1}},"type":"binary-expr","locations":[{"start":{"line":11,"column":23},"end":{"line":11,"column":27}},{"start":{"line":11,"column":31},"end":{"line":11,"column":51}},{"start":{"line":11,"column":56},"end":{"line":13,"column":1}}],"line":11},"14":{"loc":{"start":{"line":12,"column":11},"end":{"line":12,"column":61}},"type":"cond-expr","locations":[{"start":{"line":12,"column":37},"end":{"line":12,"column":40}},{"start":{"line":12,"column":43},"end":{"line":12,"column":61}}],"line":12},"15":{"loc":{"start":{"line":12,"column":12},"end":{"line":12,"column":33}},"type":"binary-expr","locations":[{"start":{"line":12,"column":12},"end":{"line":12,"column":15}},{"start":{"line":12,"column":19},"end":{"line":12,"column":33}}],"line":12},"16":{"loc":{"start":{"line":58,"column":30},"end":{"line":58,"column":132}},"type":"cond-expr","locations":[{"start":{"line":58,"column":121},"end":{"line":58,"column":123}},{"start":{"line":58,"column":126},"end":{"line":58,"column":132}}],"line":58},"17":{"loc":{"start":{"line":58,"column":43},"end":{"line":58,"column":102}},"type":"binary-expr","locations":[{"start":{"line":58,"column":43},"end":{"line":58,"column":82}},{"start":{"line":58,"column":86},"end":{"line":58,"column":102}}],"line":58},"18":{"loc":{"start":{"line":62,"column":30},"end":{"line":62,"column":132}},"type":"cond-expr","locations":[{"start":{"line":62,"column":121},"end":{"line":62,"column":123}},{"start":{"line":62,"column":126},"end":{"line":62,"column":132}}],"line":62},"19":{"loc":{"start":{"line":62,"column":43},"end":{"line":62,"column":102}},"type":"binary-expr","locations":[{"start":{"line":62,"column":43},"end":{"line":62,"column":82}},{"start":{"line":62,"column":86},"end":{"line":62,"column":102}}],"line":62},"20":{"loc":{"start":{"line":70,"column":30},"end":{"line":70,"column":132}},"type":"cond-expr","locations":[{"start":{"line":70,"column":121},"end":{"line":70,"column":123}},{"start":{"line":70,"column":126},"end":{"line":70,"column":132}}],"line":70},"21":{"loc":{"start":{"line":70,"column":43},"end":{"line":70,"column":102}},"type":"binary-expr","locations":[{"start":{"line":70,"column":43},"end":{"line":70,"column":82}},{"start":{"line":70,"column":86},"end":{"line":70,"column":102}}],"line":70},"22":{"loc":{"start":{"line":76,"column":30},"end":{"line":76,"column":130}},"type":"cond-expr","locations":[{"start":{"line":76,"column":119},"end":{"line":76,"column":121}},{"start":{"line":76,"column":124},"end":{"line":76,"column":130}}],"line":76},"23":{"loc":{"start":{"line":76,"column":43},"end":{"line":76,"column":100}},"type":"binary-expr","locations":[{"start":{"line":76,"column":43},"end":{"line":76,"column":81}},{"start":{"line":76,"column":85},"end":{"line":76,"column":100}}],"line":76},"24":{"loc":{"start":{"line":82,"column":30},"end":{"line":82,"column":130}},"type":"cond-expr","locations":[{"start":{"line":82,"column":119},"end":{"line":82,"column":121}},{"start":{"line":82,"column":124},"end":{"line":82,"column":130}}],"line":82},"25":{"loc":{"start":{"line":82,"column":43},"end":{"line":82,"column":100}},"type":"binary-expr","locations":[{"start":{"line":82,"column":43},"end":{"line":82,"column":81}},{"start":{"line":82,"column":85},"end":{"line":82,"column":100}}],"line":82}},"s":{"0":1,"1":13,"2":13,"3":13,"4":13,"5":0,"6":0,"7":0,"8":0,"9":13,"10":1,"11":13,"12":13,"13":1,"14":3,"15":1,"16":1,"17":1,"18":1,"19":1,"20":1,"21":1,"22":1,"23":1,"24":1,"25":1,"26":1,"27":1,"28":1,"29":1,"30":1,"31":1,"32":1,"33":0,"34":1,"35":0,"36":1,"37":0,"38":1},"f":{"0":13,"1":13,"2":3,"3":0,"4":0,"5":0},"b":{"0":[1,1,1],"1":[0,13],"2":[0,13],"3":[13,0],"4":[13,13],"5":[0,0],"6":[0,0],"7":[0,0],"8":[0,0],"9":[13,13,0],"10":[1,1,1],"11":[13,0],"12":[13,13],"13":[1,1,1],"14":[3,0],"15":[3,3],"16":[1,0],"17":[1,1],"18":[1,0],"19":[1,1],"20":[0,1],"21":[1,0],"22":[0,1],"23":[1,0],"24":[0,1],"25":[1,0]},"inputSourceMap":{"version":3,"file":"Order.js","sourceRoot":"","sources":["Order.ts"],"names":[],"mappings":";;;;;;;;;;;;;;;AAAA,iCAAgC;AAChC,kEAAyC;AACzC,gEAO8B;AAC9B,kDAAyB;AACzB,kDAAyB;AAEzB,MAAqB,KAAM,SAAQ,eAAS;;AAC5B,WAAK,GAAG,QAAQ,CAAA;AAE9B;IADC,IAAA,YAAM,EAAC,EAAE,SAAS,EAAE,IAAI,EAAE,CAAC;;iCACX;AAGjB;IADC,IAAA,YAAM,GAAE;;sCACa;AAGtB;IADC,IAAA,YAAM,GAAE;;sCACa;AAGtB;IADC,IAAA,YAAM,GAAE;;yCACgB;AAGzB;IADC,IAAA,YAAM,GAAE;;oCACY;AAGrB;IADC,IAAA,YAAM,GAAE;;2CACkB;AAG3B;IADC,IAAA,YAAM,GAAE;;4CACmB;AAG5B;IADC,IAAA,YAAM,GAAE;;0CACiB;AAG1B;IADC,YAAM,CAAC,QAAQ,CAAC,EAAE,UAAU,EAAE,IAAI,EAAE,CAAC;kDACpB,gBAAQ,oBAAR,gBAAQ;wCAAA;AAG1B;IADC,YAAM,CAAC,QAAQ,CAAC,EAAE,UAAU,EAAE,IAAI,EAAE,UAAU,EAAE,IAAI,EAAE,CAAC;kDACtC,gBAAQ,oBAAR,gBAAQ;wCAAA;AAO1B;IALC,IAAA,gBAAU,EAAC,GAAG,EAAE,CAAC,sBAAY,EAAE;QAC9B,UAAU,EAAE,eAAe;QAC3B,eAAe,EAAE,UAAU;QAC3B,sBAAsB,EAAE,UAAU;KACnC,CAAC;kDACoB,gBAAU,oBAAV,gBAAU;4CAAqB;AAKrD;IAHC,IAAA,eAAS,EAAC,GAAG,EAAE,CAAC,cAAI,EAAE;QACrB,UAAU,EAAE,SAAS;KACtB,CAAC;kDACW,eAAS,oBAAT,eAAS;mCAAa;AAKnC;IAHC,IAAA,eAAS,EAAC,GAAG,EAAE,CAAC,cAAI,EAAE;QACrB,UAAU,EAAE,SAAS;KACtB,CAAC;kDACW,eAAS,oBAAT,eAAS;mCAAa;AA/CrC,wBAgDC","sourcesContent":["import { DateTime } from 'luxon'\r\nimport StockProduct from './StockProduct'\r\nimport {\r\n  BaseModel,\r\n  BelongsTo,\r\n  belongsTo,\r\n  column,\r\n  ManyToMany,\r\n  manyToMany,\r\n} from '@ioc:Adonis/Lucid/Orm'\r\nimport User from './User'\r\nimport Farm from './Farm'\r\n\r\nexport default class Order extends BaseModel {\r\n  public static table = 'orders'\r\n  @column({ isPrimary: true })\r\n  public id: number\r\n\r\n  @column()\r\n  public id_user: number\r\n\r\n  @column()\r\n  public id_farm: number\r\n\r\n  @column()\r\n  public date_order: string\r\n\r\n  @column()\r\n  public state: boolean\r\n\r\n  @column()\r\n  public service_cost: number\r\n\r\n  @column()\r\n  public shipping_cost: number\r\n\r\n  @column()\r\n  public service_fee: number\r\n\r\n  @column.dateTime({ autoCreate: true })\r\n  public createdAt: DateTime\r\n\r\n  @column.dateTime({ autoCreate: true, autoUpdate: true })\r\n  public updatedAt: DateTime\r\n\r\n  @manyToMany(() => StockProduct, {\r\n    pivotTable: 'items_product',\r\n    pivotForeignKey: 'id_order',\r\n    pivotRelatedForeignKey: 'id_stock',\r\n  })\r\n  public stockProducts: ManyToMany<typeof StockProduct>\r\n\r\n  @belongsTo(() => User, {\r\n    foreignKey: 'id_user',\r\n  })\r\n  public user: BelongsTo<typeof User>\r\n\r\n  @belongsTo(() => Farm, {\r\n    foreignKey: 'id_farm',\r\n  })\r\n  public farm: BelongsTo<typeof Farm>\r\n}\r\n"]},"_coverageSchema":"1a1c01bbd47fc00a2c39e90264f33305004495a9","hash":"c18f6ef5f2e74eb34f12207945695a96c3c39f4c"},"C:\\Users\\david\\OneDrive\\Escritorio\\Project\\ProyectoSoftware\\fincapp-back\\app\\Models\\StockProduct.ts":{"path":"C:\\Users\\david\\OneDrive\\Escritorio\\Project\\ProyectoSoftware\\fincapp-back\\app\\Models\\StockProduct.ts","statementMap":{"0":{"start":{"line":2,"column":17},"end":{"line":7,"column":1}},"1":{"start":{"line":3,"column":12},"end":{"line":3,"column":28}},"2":{"start":{"line":3,"column":34},"end":{"line":3,"column":125}},"3":{"start":{"line":4,"column":4},"end":{"line":5,"column":150}},"4":{"start":{"line":4,"column":79},"end":{"line":4,"column":131}},"5":{"start":{"line":5,"column":9},"end":{"line":5,"column":150}},"6":{"start":{"line":5,"column":22},"end":{"line":5,"column":43}},"7":{"start":{"line":5,"column":58},"end":{"line":5,"column":150}},"8":{"start":{"line":5,"column":81},"end":{"line":5,"column":150}},"9":{"start":{"line":6,"column":4},"end":{"line":6,"column":66}},"10":{"start":{"line":8,"column":17},"end":{"line":10,"column":1}},"11":{"start":{"line":9,"column":4},"end":{"line":9,"column":109}},"12":{"start":{"line":9,"column":79},"end":{"line":9,"column":109}},"13":{"start":{"line":11,"column":22},"end":{"line":13,"column":1}},"14":{"start":{"line":12,"column":4},"end":{"line":12,"column":62}},"15":{"start":{"line":15,"column":0},"end":{"line":15,"column":62}},"16":{"start":{"line":16,"column":16},"end":{"line":16,"column":32}},"17":{"start":{"line":17,"column":14},"end":{"line":17,"column":63}},"18":{"start":{"line":18,"column":18},"end":{"line":18,"column":55}},"19":{"start":{"line":19,"column":16},"end":{"line":19,"column":51}},"20":{"start":{"line":22,"column":0},"end":{"line":22,"column":37}},"21":{"start":{"line":23,"column":0},"end":{"line":26,"column":41}},"22":{"start":{"line":27,"column":0},"end":{"line":30,"column":44}},"23":{"start":{"line":31,"column":0},"end":{"line":34,"column":45}},"24":{"start":{"line":35,"column":0},"end":{"line":38,"column":48}},"25":{"start":{"line":39,"column":0},"end":{"line":42,"column":49}},"26":{"start":{"line":43,"column":0},"end":{"line":46,"column":48}},"27":{"start":{"line":47,"column":0},"end":{"line":50,"column":48}},"28":{"start":{"line":51,"column":0},"end":{"line":54,"column":49}},"29":{"start":{"line":55,"column":0},"end":{"line":60,"column":46}},"30":{"start":{"line":56,"column":31},"end":{"line":56,"column":48}},"31":{"start":{"line":61,"column":0},"end":{"line":68,"column":45}},"32":{"start":{"line":62,"column":32},"end":{"line":62,"column":47}},"33":{"start":{"line":69,"column":0},"end":{"line":69,"column":31}}},"fnMap":{"0":{"name":"(anonymous_0)","decl":{"start":{"line":2,"column":46},"end":{"line":2,"column":47}},"loc":{"start":{"line":2,"column":87},"end":{"line":7,"column":1}},"line":2},"1":{"name":"(anonymous_1)","decl":{"start":{"line":8,"column":46},"end":{"line":8,"column":47}},"loc":{"start":{"line":8,"column":62},"end":{"line":10,"column":1}},"line":8},"2":{"name":"(anonymous_2)","decl":{"start":{"line":11,"column":56},"end":{"line":11,"column":57}},"loc":{"start":{"line":11,"column":71},"end":{"line":13,"column":1}},"line":11},"3":{"name":"(anonymous_3)","decl":{"start":{"line":56,"column":25},"end":{"line":56,"column":26}},"loc":{"start":{"line":56,"column":31},"end":{"line":56,"column":48}},"line":56},"4":{"name":"(anonymous_4)","decl":{"start":{"line":62,"column":26},"end":{"line":62,"column":27}},"loc":{"start":{"line":62,"column":32},"end":{"line":62,"column":47}},"line":62}},"branchMap":{"0":{"loc":{"start":{"line":2,"column":17},"end":{"line":7,"column":1}},"type":"binary-expr","locations":[{"start":{"line":2,"column":18},"end":{"line":2,"column":22}},{"start":{"line":2,"column":26},"end":{"line":2,"column":41}},{"start":{"line":2,"column":46},"end":{"line":7,"column":1}}],"line":2},"1":{"loc":{"start":{"line":3,"column":34},"end":{"line":3,"column":125}},"type":"cond-expr","locations":[{"start":{"line":3,"column":42},"end":{"line":3,"column":48}},{"start":{"line":3,"column":51},"end":{"line":3,"column":125}}],"line":3},"2":{"loc":{"start":{"line":3,"column":51},"end":{"line":3,"column":125}},"type":"cond-expr","locations":[{"start":{"line":3,"column":67},"end":{"line":3,"column":118}},{"start":{"line":3,"column":121},"end":{"line":3,"column":125}}],"line":3},"3":{"loc":{"start":{"line":4,"column":4},"end":{"line":5,"column":150}},"type":"if","locations":[{"start":{"line":4,"column":4},"end":{"line":5,"column":150}},{"start":{"line":4,"column":4},"end":{"line":5,"column":150}}],"line":4},"4":{"loc":{"start":{"line":4,"column":8},"end":{"line":4,"column":77}},"type":"binary-expr","locations":[{"start":{"line":4,"column":8},"end":{"line":4,"column":35}},{"start":{"line":4,"column":39},"end":{"line":4,"column":77}}],"line":4},"5":{"loc":{"start":{"line":5,"column":58},"end":{"line":5,"column":150}},"type":"if","locations":[{"start":{"line":5,"column":58},"end":{"line":5,"column":150}},{"start":{"line":5,"column":58},"end":{"line":5,"column":150}}],"line":5},"6":{"loc":{"start":{"line":5,"column":85},"end":{"line":5,"column":149}},"type":"binary-expr","locations":[{"start":{"line":5,"column":86},"end":{"line":5,"column":143}},{"start":{"line":5,"column":148},"end":{"line":5,"column":149}}],"line":5},"7":{"loc":{"start":{"line":5,"column":86},"end":{"line":5,"column":143}},"type":"cond-expr","locations":[{"start":{"line":5,"column":94},"end":{"line":5,"column":98}},{"start":{"line":5,"column":101},"end":{"line":5,"column":143}}],"line":5},"8":{"loc":{"start":{"line":5,"column":101},"end":{"line":5,"column":143}},"type":"cond-expr","locations":[{"start":{"line":5,"column":109},"end":{"line":5,"column":126}},{"start":{"line":5,"column":129},"end":{"line":5,"column":143}}],"line":5},"9":{"loc":{"start":{"line":6,"column":11},"end":{"line":6,"column":62}},"type":"binary-expr","locations":[{"start":{"line":6,"column":11},"end":{"line":6,"column":16}},{"start":{"line":6,"column":20},"end":{"line":6,"column":21}},{"start":{"line":6,"column":25},"end":{"line":6,"column":62}}],"line":6},"10":{"loc":{"start":{"line":8,"column":17},"end":{"line":10,"column":1}},"type":"binary-expr","locations":[{"start":{"line":8,"column":18},"end":{"line":8,"column":22}},{"start":{"line":8,"column":26},"end":{"line":8,"column":41}},{"start":{"line":8,"column":46},"end":{"line":10,"column":1}}],"line":8},"11":{"loc":{"start":{"line":9,"column":4},"end":{"line":9,"column":109}},"type":"if","locations":[{"start":{"line":9,"column":4},"end":{"line":9,"column":109}},{"start":{"line":9,"column":4},"end":{"line":9,"column":109}}],"line":9},"12":{"loc":{"start":{"line":9,"column":8},"end":{"line":9,"column":77}},"type":"binary-expr","locations":[{"start":{"line":9,"column":8},"end":{"line":9,"column":35}},{"start":{"line":9,"column":39},"end":{"line":9,"column":77}}],"line":9},"13":{"loc":{"start":{"line":11,"column":22},"end":{"line":13,"column":1}},"type":"binary-expr","locations":[{"start":{"line":11,"column":23},"end":{"line":11,"column":27}},{"start":{"line":11,"column":31},"end":{"line":11,"column":51}},{"start":{"line":11,"column":56},"end":{"line":13,"column":1}}],"line":11},"14":{"loc":{"start":{"line":12,"column":11},"end":{"line":12,"column":61}},"type":"cond-expr","locations":[{"start":{"line":12,"column":37},"end":{"line":12,"column":40}},{"start":{"line":12,"column":43},"end":{"line":12,"column":61}}],"line":12},"15":{"loc":{"start":{"line":12,"column":12},"end":{"line":12,"column":33}},"type":"binary-expr","locations":[{"start":{"line":12,"column":12},"end":{"line":12,"column":15}},{"start":{"line":12,"column":19},"end":{"line":12,"column":33}}],"line":12},"16":{"loc":{"start":{"line":37,"column":30},"end":{"line":37,"column":108}},"type":"cond-expr","locations":[{"start":{"line":37,"column":97},"end":{"line":37,"column":99}},{"start":{"line":37,"column":102},"end":{"line":37,"column":108}}],"line":37},"17":{"loc":{"start":{"line":37,"column":43},"end":{"line":37,"column":78}},"type":"binary-expr","locations":[{"start":{"line":37,"column":43},"end":{"line":37,"column":70}},{"start":{"line":37,"column":74},"end":{"line":37,"column":78}}],"line":37},"18":{"loc":{"start":{"line":45,"column":30},"end":{"line":45,"column":132}},"type":"cond-expr","locations":[{"start":{"line":45,"column":121},"end":{"line":45,"column":123}},{"start":{"line":45,"column":126},"end":{"line":45,"column":132}}],"line":45},"19":{"loc":{"start":{"line":45,"column":43},"end":{"line":45,"column":102}},"type":"binary-expr","locations":[{"start":{"line":45,"column":43},"end":{"line":45,"column":82}},{"start":{"line":45,"column":86},"end":{"line":45,"column":102}}],"line":45},"20":{"loc":{"start":{"line":49,"column":30},"end":{"line":49,"column":132}},"type":"cond-expr","locations":[{"start":{"line":49,"column":121},"end":{"line":49,"column":123}},{"start":{"line":49,"column":126},"end":{"line":49,"column":132}}],"line":49},"21":{"loc":{"start":{"line":49,"column":43},"end":{"line":49,"column":102}},"type":"binary-expr","locations":[{"start":{"line":49,"column":43},"end":{"line":49,"column":82}},{"start":{"line":49,"column":86},"end":{"line":49,"column":102}}],"line":49},"22":{"loc":{"start":{"line":59,"column":30},"end":{"line":59,"column":130}},"type":"cond-expr","locations":[{"start":{"line":59,"column":119},"end":{"line":59,"column":121}},{"start":{"line":59,"column":124},"end":{"line":59,"column":130}}],"line":59},"23":{"loc":{"start":{"line":59,"column":43},"end":{"line":59,"column":100}},"type":"binary-expr","locations":[{"start":{"line":59,"column":43},"end":{"line":59,"column":81}},{"start":{"line":59,"column":85},"end":{"line":59,"column":100}}],"line":59},"24":{"loc":{"start":{"line":67,"column":30},"end":{"line":67,"column":132}},"type":"cond-expr","locations":[{"start":{"line":67,"column":121},"end":{"line":67,"column":123}},{"start":{"line":67,"column":126},"end":{"line":67,"column":132}}],"line":67},"25":{"loc":{"start":{"line":67,"column":43},"end":{"line":67,"column":102}},"type":"binary-expr","locations":[{"start":{"line":67,"column":43},"end":{"line":67,"column":82}},{"start":{"line":67,"column":86},"end":{"line":67,"column":102}}],"line":67}},"s":{"0":1,"1":10,"2":10,"3":10,"4":10,"5":0,"6":0,"7":0,"8":0,"9":10,"10":1,"11":10,"12":10,"13":1,"14":2,"15":1,"16":1,"17":1,"18":1,"19":1,"20":1,"21":1,"22":1,"23":1,"24":1,"25":1,"26":1,"27":1,"28":1,"29":1,"30":0,"31":1,"32":0,"33":1},"f":{"0":10,"1":10,"2":2,"3":0,"4":0},"b":{"0":[1,1,1],"1":[0,10],"2":[0,10],"3":[10,0],"4":[10,10],"5":[0,0],"6":[0,0],"7":[0,0],"8":[0,0],"9":[10,10,0],"10":[1,1,1],"11":[10,0],"12":[10,10],"13":[1,1,1],"14":[2,0],"15":[2,2],"16":[1,0],"17":[1,1],"18":[1,0],"19":[1,1],"20":[1,0],"21":[1,1],"22":[0,1],"23":[1,0],"24":[0,1],"25":[1,0]},"inputSourceMap":{"version":3,"file":"StockProduct.js","sourceRoot":"","sources":["StockProduct.ts"],"names":[],"mappings":";;;;;;;;;;;;;;;AAAA,iCAAgC;AAChC,gEAO8B;AAC9B,wDAA+B;AAC/B,oDAA2B;AAE3B,MAAqB,YAAa,SAAQ,eAAS;;AACnC,kBAAK,GAAG,eAAe,CAAA;AAGrC;IADC,IAAA,YAAM,EAAC,EAAE,SAAS,EAAE,IAAI,EAAE,CAAC;;wCACX;AAGjB;IADC,IAAA,YAAM,GAAE;;2CACW;AAGpB;IADC,IAAA,YAAM,GAAE;;4CACY;AAGrB;IADC,IAAA,YAAM,GAAE;kDACS,IAAI,oBAAJ,IAAI;+CAAA;AAGtB;IADC,IAAA,YAAM,GAAE;;gDACiB;AAG1B;IADC,YAAM,CAAC,QAAQ,CAAC,EAAE,UAAU,EAAE,IAAI,EAAE,CAAC;kDACpB,gBAAQ,oBAAR,gBAAQ;+CAAA;AAG1B;IADC,YAAM,CAAC,QAAQ,CAAC,EAAE,UAAU,EAAE,IAAI,EAAE,UAAU,EAAE,IAAI,EAAE,CAAC;kDACtC,gBAAQ,oBAAR,gBAAQ;+CAAA;AAG1B;IADC,IAAA,YAAM,GAAE;;gDACgB;AAKzB;IAHC,IAAA,eAAS,EAAC,GAAG,EAAE,CAAC,iBAAO,EAAE;QACxB,UAAU,EAAE,YAAY;KACzB,CAAC;kDACc,eAAS,oBAAT,eAAS;6CAAgB;AAOzC;IALC,IAAA,gBAAU,EAAC,GAAG,EAAE,CAAC,eAAK,EAAE;QACvB,UAAU,EAAE,eAAe;QAC3B,eAAe,EAAE,UAAU;QAC3B,sBAAsB,EAAE,UAAU;KACnC,CAAC;kDACa,gBAAU,oBAAV,gBAAU;4CAAc;AArCzC,+BAsCC","sourcesContent":["import { DateTime } from 'luxon'\r\nimport {\r\n  BaseModel,\r\n  BelongsTo,\r\n  belongsTo,\r\n  column,\r\n  ManyToMany,\r\n  manyToMany,\r\n} from '@ioc:Adonis/Lucid/Orm'\r\nimport Product from './Product'\r\nimport Order from './Order'\r\n\r\nexport default class StockProduct extends BaseModel {\r\n  public static table = 'stock_product'\r\n\r\n  @column({ isPrimary: true })\r\n  public id: number\r\n\r\n  @column()\r\n  public value: number\r\n\r\n  @column()\r\n  public amount: number\r\n\r\n  @column()\r\n  public published: Date\r\n\r\n  @column()\r\n  public visibility: boolean\r\n\r\n  @column.dateTime({ autoCreate: true })\r\n  public createdAt: DateTime\r\n\r\n  @column.dateTime({ autoCreate: true, autoUpdate: true })\r\n  public updatedAt: DateTime\r\n\r\n  @column()\r\n  public id_product: number\r\n\r\n  @belongsTo(() => Product, {\r\n    foreignKey: 'id_product',\r\n  })\r\n  public product: BelongsTo<typeof Product>\r\n\r\n  @manyToMany(() => Order, {\r\n    pivotTable: 'items_product',\r\n    pivotForeignKey: 'id_stock',\r\n    pivotRelatedForeignKey: 'id_order',\r\n  })\r\n  public orders: ManyToMany<typeof Order>\r\n}\r\n"]},"_coverageSchema":"1a1c01bbd47fc00a2c39e90264f33305004495a9","hash":"c568b833fe556693fbc76193d8d13268191e96dc"},"C:\\Users\\david\\OneDrive\\Escritorio\\Project\\ProyectoSoftware\\fincapp-back\\app\\Models\\User.ts":{"path":"C:\\Users\\david\\OneDrive\\Escritorio\\Project\\ProyectoSoftware\\fincapp-back\\app\\Models\\User.ts","statementMap":{"0":{"start":{"line":2,"column":17},"end":{"line":7,"column":1}},"1":{"start":{"line":3,"column":12},"end":{"line":3,"column":28}},"2":{"start":{"line":3,"column":34},"end":{"line":3,"column":125}},"3":{"start":{"line":4,"column":4},"end":{"line":5,"column":150}},"4":{"start":{"line":4,"column":79},"end":{"line":4,"column":131}},"5":{"start":{"line":5,"column":9},"end":{"line":5,"column":150}},"6":{"start":{"line":5,"column":22},"end":{"line":5,"column":43}},"7":{"start":{"line":5,"column":58},"end":{"line":5,"column":150}},"8":{"start":{"line":5,"column":81},"end":{"line":5,"column":150}},"9":{"start":{"line":6,"column":4},"end":{"line":6,"column":66}},"10":{"start":{"line":8,"column":17},"end":{"line":10,"column":1}},"11":{"start":{"line":9,"column":4},"end":{"line":9,"column":109}},"12":{"start":{"line":9,"column":79},"end":{"line":9,"column":109}},"13":{"start":{"line":11,"column":22},"end":{"line":13,"column":1}},"14":{"start":{"line":12,"column":4},"end":{"line":12,"column":62}},"15":{"start":{"line":15,"column":0},"end":{"line":15,"column":62}},"16":{"start":{"line":16,"column":16},"end":{"line":16,"column":32}},"17":{"start":{"line":17,"column":14},"end":{"line":17,"column":63}},"18":{"start":{"line":18,"column":15},"end":{"line":18,"column":49}},"19":{"start":{"line":19,"column":19},"end":{"line":19,"column":57}},"20":{"start":{"line":20,"column":15},"end":{"line":20,"column":81}},"21":{"start":{"line":21,"column":16},"end":{"line":21,"column":51}},"22":{"start":{"line":22,"column":15},"end":{"line":22,"column":49}},"23":{"start":{"line":25,"column":8},"end":{"line":27,"column":9}},"24":{"start":{"line":26,"column":12},"end":{"line":26,"column":75}},"25":{"start":{"line":30,"column":0},"end":{"line":30,"column":21}},"26":{"start":{"line":31,"column":0},"end":{"line":34,"column":33}},"27":{"start":{"line":35,"column":0},"end":{"line":38,"column":35}},"28":{"start":{"line":39,"column":0},"end":{"line":42,"column":36}},"29":{"start":{"line":43,"column":0},"end":{"line":46,"column":39}},"30":{"start":{"line":47,"column":0},"end":{"line":50,"column":40}},"31":{"start":{"line":51,"column":0},"end":{"line":54,"column":40}},"32":{"start":{"line":55,"column":0},"end":{"line":58,"column":37}},"33":{"start":{"line":59,"column":0},"end":{"line":64,"column":35}},"34":{"start":{"line":60,"column":31},"end":{"line":60,"column":45}},"35":{"start":{"line":65,"column":0},"end":{"line":70,"column":36}},"36":{"start":{"line":66,"column":29},"end":{"line":66,"column":47}},"37":{"start":{"line":71,"column":0},"end":{"line":76,"column":35}},"38":{"start":{"line":72,"column":28},"end":{"line":72,"column":42}},"39":{"start":{"line":77,"column":0},"end":{"line":82,"column":37}},"40":{"start":{"line":78,"column":29},"end":{"line":78,"column":44}},"41":{"start":{"line":83,"column":0},"end":{"line":88,"column":31}},"42":{"start":{"line":89,"column":0},"end":{"line":89,"column":23}}},"fnMap":{"0":{"name":"(anonymous_0)","decl":{"start":{"line":2,"column":46},"end":{"line":2,"column":47}},"loc":{"start":{"line":2,"column":87},"end":{"line":7,"column":1}},"line":2},"1":{"name":"(anonymous_1)","decl":{"start":{"line":8,"column":46},"end":{"line":8,"column":47}},"loc":{"start":{"line":8,"column":62},"end":{"line":10,"column":1}},"line":8},"2":{"name":"(anonymous_2)","decl":{"start":{"line":11,"column":56},"end":{"line":11,"column":57}},"loc":{"start":{"line":11,"column":71},"end":{"line":13,"column":1}},"line":11},"3":{"name":"(anonymous_3)","decl":{"start":{"line":24,"column":4},"end":{"line":24,"column":5}},"loc":{"start":{"line":24,"column":39},"end":{"line":28,"column":5}},"line":24},"4":{"name":"(anonymous_4)","decl":{"start":{"line":60,"column":25},"end":{"line":60,"column":26}},"loc":{"start":{"line":60,"column":31},"end":{"line":60,"column":45}},"line":60},"5":{"name":"(anonymous_5)","decl":{"start":{"line":66,"column":23},"end":{"line":66,"column":24}},"loc":{"start":{"line":66,"column":29},"end":{"line":66,"column":47}},"line":66},"6":{"name":"(anonymous_6)","decl":{"start":{"line":72,"column":22},"end":{"line":72,"column":23}},"loc":{"start":{"line":72,"column":28},"end":{"line":72,"column":42}},"line":72},"7":{"name":"(anonymous_7)","decl":{"start":{"line":78,"column":23},"end":{"line":78,"column":24}},"loc":{"start":{"line":78,"column":29},"end":{"line":78,"column":44}},"line":78}},"branchMap":{"0":{"loc":{"start":{"line":2,"column":17},"end":{"line":7,"column":1}},"type":"binary-expr","locations":[{"start":{"line":2,"column":18},"end":{"line":2,"column":22}},{"start":{"line":2,"column":26},"end":{"line":2,"column":41}},{"start":{"line":2,"column":46},"end":{"line":7,"column":1}}],"line":2},"1":{"loc":{"start":{"line":3,"column":34},"end":{"line":3,"column":125}},"type":"cond-expr","locations":[{"start":{"line":3,"column":42},"end":{"line":3,"column":48}},{"start":{"line":3,"column":51},"end":{"line":3,"column":125}}],"line":3},"2":{"loc":{"start":{"line":3,"column":51},"end":{"line":3,"column":125}},"type":"cond-expr","locations":[{"start":{"line":3,"column":67},"end":{"line":3,"column":118}},{"start":{"line":3,"column":121},"end":{"line":3,"column":125}}],"line":3},"3":{"loc":{"start":{"line":4,"column":4},"end":{"line":5,"column":150}},"type":"if","locations":[{"start":{"line":4,"column":4},"end":{"line":5,"column":150}},{"start":{"line":4,"column":4},"end":{"line":5,"column":150}}],"line":4},"4":{"loc":{"start":{"line":4,"column":8},"end":{"line":4,"column":77}},"type":"binary-expr","locations":[{"start":{"line":4,"column":8},"end":{"line":4,"column":35}},{"start":{"line":4,"column":39},"end":{"line":4,"column":77}}],"line":4},"5":{"loc":{"start":{"line":5,"column":58},"end":{"line":5,"column":150}},"type":"if","locations":[{"start":{"line":5,"column":58},"end":{"line":5,"column":150}},{"start":{"line":5,"column":58},"end":{"line":5,"column":150}}],"line":5},"6":{"loc":{"start":{"line":5,"column":85},"end":{"line":5,"column":149}},"type":"binary-expr","locations":[{"start":{"line":5,"column":86},"end":{"line":5,"column":143}},{"start":{"line":5,"column":148},"end":{"line":5,"column":149}}],"line":5},"7":{"loc":{"start":{"line":5,"column":86},"end":{"line":5,"column":143}},"type":"cond-expr","locations":[{"start":{"line":5,"column":94},"end":{"line":5,"column":98}},{"start":{"line":5,"column":101},"end":{"line":5,"column":143}}],"line":5},"8":{"loc":{"start":{"line":5,"column":101},"end":{"line":5,"column":143}},"type":"cond-expr","locations":[{"start":{"line":5,"column":109},"end":{"line":5,"column":126}},{"start":{"line":5,"column":129},"end":{"line":5,"column":143}}],"line":5},"9":{"loc":{"start":{"line":6,"column":11},"end":{"line":6,"column":62}},"type":"binary-expr","locations":[{"start":{"line":6,"column":11},"end":{"line":6,"column":16}},{"start":{"line":6,"column":20},"end":{"line":6,"column":21}},{"start":{"line":6,"column":25},"end":{"line":6,"column":62}}],"line":6},"10":{"loc":{"start":{"line":8,"column":17},"end":{"line":10,"column":1}},"type":"binary-expr","locations":[{"start":{"line":8,"column":18},"end":{"line":8,"column":22}},{"start":{"line":8,"column":26},"end":{"line":8,"column":41}},{"start":{"line":8,"column":46},"end":{"line":10,"column":1}}],"line":8},"11":{"loc":{"start":{"line":9,"column":4},"end":{"line":9,"column":109}},"type":"if","locations":[{"start":{"line":9,"column":4},"end":{"line":9,"column":109}},{"start":{"line":9,"column":4},"end":{"line":9,"column":109}}],"line":9},"12":{"loc":{"start":{"line":9,"column":8},"end":{"line":9,"column":77}},"type":"binary-expr","locations":[{"start":{"line":9,"column":8},"end":{"line":9,"column":35}},{"start":{"line":9,"column":39},"end":{"line":9,"column":77}}],"line":9},"13":{"loc":{"start":{"line":11,"column":22},"end":{"line":13,"column":1}},"type":"binary-expr","locations":[{"start":{"line":11,"column":23},"end":{"line":11,"column":27}},{"start":{"line":11,"column":31},"end":{"line":11,"column":51}},{"start":{"line":11,"column":56},"end":{"line":13,"column":1}}],"line":11},"14":{"loc":{"start":{"line":12,"column":11},"end":{"line":12,"column":61}},"type":"cond-expr","locations":[{"start":{"line":12,"column":37},"end":{"line":12,"column":40}},{"start":{"line":12,"column":43},"end":{"line":12,"column":61}}],"line":12},"15":{"loc":{"start":{"line":12,"column":12},"end":{"line":12,"column":33}},"type":"binary-expr","locations":[{"start":{"line":12,"column":12},"end":{"line":12,"column":15}},{"start":{"line":12,"column":19},"end":{"line":12,"column":33}}],"line":12},"16":{"loc":{"start":{"line":25,"column":8},"end":{"line":27,"column":9}},"type":"if","locations":[{"start":{"line":25,"column":8},"end":{"line":27,"column":9}},{"start":{"line":25,"column":8},"end":{"line":27,"column":9}}],"line":25},"17":{"loc":{"start":{"line":49,"column":30},"end":{"line":49,"column":132}},"type":"cond-expr","locations":[{"start":{"line":49,"column":121},"end":{"line":49,"column":123}},{"start":{"line":49,"column":126},"end":{"line":49,"column":132}}],"line":49},"18":{"loc":{"start":{"line":49,"column":43},"end":{"line":49,"column":102}},"type":"binary-expr","locations":[{"start":{"line":49,"column":43},"end":{"line":49,"column":82}},{"start":{"line":49,"column":86},"end":{"line":49,"column":102}}],"line":49},"19":{"loc":{"start":{"line":53,"column":30},"end":{"line":53,"column":132}},"type":"cond-expr","locations":[{"start":{"line":53,"column":121},"end":{"line":53,"column":123}},{"start":{"line":53,"column":126},"end":{"line":53,"column":132}}],"line":53},"20":{"loc":{"start":{"line":53,"column":43},"end":{"line":53,"column":102}},"type":"binary-expr","locations":[{"start":{"line":53,"column":43},"end":{"line":53,"column":82}},{"start":{"line":53,"column":86},"end":{"line":53,"column":102}}],"line":53},"21":{"loc":{"start":{"line":63,"column":30},"end":{"line":63,"column":130}},"type":"cond-expr","locations":[{"start":{"line":63,"column":119},"end":{"line":63,"column":121}},{"start":{"line":63,"column":124},"end":{"line":63,"column":130}}],"line":63},"22":{"loc":{"start":{"line":63,"column":43},"end":{"line":63,"column":100}},"type":"binary-expr","locations":[{"start":{"line":63,"column":43},"end":{"line":63,"column":81}},{"start":{"line":63,"column":85},"end":{"line":63,"column":100}}],"line":63},"23":{"loc":{"start":{"line":69,"column":30},"end":{"line":69,"column":126}},"type":"cond-expr","locations":[{"start":{"line":69,"column":115},"end":{"line":69,"column":117}},{"start":{"line":69,"column":120},"end":{"line":69,"column":126}}],"line":69},"24":{"loc":{"start":{"line":69,"column":43},"end":{"line":69,"column":96}},"type":"binary-expr","locations":[{"start":{"line":69,"column":43},"end":{"line":69,"column":79}},{"start":{"line":69,"column":83},"end":{"line":69,"column":96}}],"line":69},"25":{"loc":{"start":{"line":75,"column":30},"end":{"line":75,"column":124}},"type":"cond-expr","locations":[{"start":{"line":75,"column":113},"end":{"line":75,"column":115}},{"start":{"line":75,"column":118},"end":{"line":75,"column":124}}],"line":75},"26":{"loc":{"start":{"line":75,"column":43},"end":{"line":75,"column":94}},"type":"binary-expr","locations":[{"start":{"line":75,"column":43},"end":{"line":75,"column":78}},{"start":{"line":75,"colum
[...]
oyectoSoftware\\fincapp-back\\app\\Services\\EmailsTemplates\\TemplateSecurity.ts","statementMap":{"0":{"start":{"line":2,"column":22},"end":{"line":4,"column":1}},"1":{"start":{"line":3,"column":4},"end":{"line":3,"column":62}},"2":{"start":{"line":5,"column":0},"end":{"line":5,"column":62}},"3":{"start":{"line":6,"column":14},"end":{"line":6,"column":79}},"4":{"start":{"line":9,"column":19},"end":{"line":9,"column":45}},"5":{"start":{"line":10,"column":8},"end":{"line":15,"column":33}},"6":{"start":{"line":16,"column":8},"end":{"line":16,"column":20}},"7":{"start":{"line":19,"column":19},"end":{"line":19,"column":45}},"8":{"start":{"line":20,"column":8},"end":{"line":25,"column":33}},"9":{"start":{"line":26,"column":8},"end":{"line":26,"column":20}},"10":{"start":{"line":29,"column":0},"end":{"line":29,"column":37}}},"fnMap":{"0":{"name":"(anonymous_0)","decl":{"start":{"line":2,"column":56},"end":{"line":2,"column":57}},"loc":{"start":{"line":2,"column":71},"end":{"line":4,"column":1}},"line":2},"1":{"name":"(anonymous_1)","decl":{"start":{"line":8,"column":4},"end":{"line":8,"column":5}},"loc":{"start":{"line":8,"column":26},"end":{"line":17,"column":5}},"line":8},"2":{"name":"(anonymous_2)","decl":{"start":{"line":18,"column":4},"end":{"line":18,"column":5}},"loc":{"start":{"line":18,"column":25},"end":{"line":27,"column":5}},"line":18}},"branchMap":{"0":{"loc":{"start":{"line":2,"column":22},"end":{"line":4,"column":1}},"type":"binary-expr","locations":[{"start":{"line":2,"column":23},"end":{"line":2,"column":27}},{"start":{"line":2,"column":31},"end":{"line":2,"column":51}},{"start":{"line":2,"column":56},"end":{"line":4,"column":1}}],"line":2},"1":{"loc":{"start":{"line":3,"column":11},"end":{"line":3,"column":61}},"type":"cond-expr","locations":[{"start":{"line":3,"column":37},"end":{"line":3,"column":40}},{"start":{"line":3,"column":43},"end":{"line":3,"column":61}}],"line":3},"2":{"loc":{"start":{"line":3,"column":12},"end":{"line":3,"column":33}},"type":"binary-expr","locations":[{"start":{"line":3,"column":12},"end":{"line":3,"column":15}},{"start":{"line":3,"column":19},"end":{"line":3,"column":33}}],"line":3}},"s":{"0":1,"1":1,"2":1,"3":1,"4":0,"5":0,"6":0,"7":0,"8":0,"9":0,"10":1},"f":{"0":1,"1":0,"2":0},"b":{"0":[1,1,1],"1":[0,1],"2":[1,1]},"inputSourceMap":{"version":3,"file":"TemplateSecurity.js","sourceRoot":"","sources":["TemplateSecurity.ts"],"names":[],"mappings":";;;;;AAAA,gFAAsC;AAEtC,MAAqB,kBAAkB;IAC9B,cAAc,CAAC,KAAa;QACjC,IAAI,IAAI,GAAG,0BAA0B,CAAA;QAErC,IAAI;YACF,2EAA2E;gBAC3E,aAAG,CAAC,GAAG,CAAC,cAAc,CAAC;gBACvB,8BAA8B;gBAC9B,KAAK;gBACL,gBAAgB,CAAA;QAElB,OAAO,IAAI,CAAA;IACb,CAAC;IAEM,aAAa,CAAC,KAAa;QAChC,IAAI,IAAI,GAAG,0BAA0B,CAAA;QACrC,IAAI;YACF,iDAAiD;gBACjD,aAAG,CAAC,GAAG,CAAC,cAAc,CAAC;gBACvB,8BAA8B;gBAC9B,KAAK;gBACL,gBAAgB,CAAA;QAElB,OAAO,IAAI,CAAA;IACb,CAAC;CACF;AAzBD,qCAyBC","sourcesContent":["import Env from '@ioc:Adonis/Core/Env'\r\n\r\nexport default class PlantillaSeguridad {\r\n  public forgotPassword(token: string) {\r\n    let html = '<h1>Sistema Fincapp</h1>'\r\n\r\n    html +=\r\n      \"<p>Para solicitar el restablecimiento de su contraseña ingrese  <a href='\" +\r\n      Env.get('URL_FRONTEND') +\r\n      '/#/security/change-password/' +\r\n      token +\r\n      \"'>aquí</a></p>\"\r\n\r\n    return html\r\n  }\r\n\r\n  public resetPassword(token: string) {\r\n    let html = '<h1>Sistema Fincapp</h1>'\r\n    html +=\r\n      \"<p>Para cambiar su contraseña ingrese <a href='\" +\r\n      Env.get('URL_FRONTEND') +\r\n      '/#/security/change-password/' +\r\n      token +\r\n      \"'>aquí</a></p>\"\r\n\r\n    return html\r\n  }\r\n}\r\n"]},"_coverageSchema":"1a1c01bbd47fc00a2c39e90264f33305004495a9","hash":"93468a0ed7b2fbb77b471159d0c2f267a146ee39"},"C:\\Users\\david\\OneDrive\\Escritorio\\Project\\ProyectoSoftware\\fincapp-back\\app\\Services\\EmailService.ts":{"path":"C:\\Users\\david\\OneDrive\\Escritorio\\Project\\ProyectoSoftware\\fincapp-back\\app\\Services\\EmailService.ts","statementMap":{"0":{"start":{"line":2,"column":22},"end":{"line":4,"column":1}},"1":{"start":{"line":3,"column":4},"end":{"line":3,"column":62}},"2":{"start":{"line":5,"column":0},"end":{"line":5,"column":62}},"3":{"start":{"line":6,"column":14},"end":{"line":6,"column":79}},"4":{"start":{"line":9,"column":23},"end":{"line":9,"column":48}},"5":{"start":{"line":10,"column":8},"end":{"line":10,"column":64}},"6":{"start":{"line":11,"column":20},"end":{"line":16,"column":9}},"7":{"start":{"line":17,"column":8},"end":{"line":24,"column":11}},"8":{"start":{"line":20,"column":12},"end":{"line":20,"column":38}},"9":{"start":{"line":23,"column":12},"end":{"line":23,"column":33}},"10":{"start":{"line":27,"column":0},"end":{"line":27,"column":31}}},"fnMap":{"0":{"name":"(anonymous_0)","decl":{"start":{"line":2,"column":56},"end":{"line":2,"column":57}},"loc":{"start":{"line":2,"column":71},"end":{"line":4,"column":1}},"line":2},"1":{"name":"(anonymous_1)","decl":{"start":{"line":8,"column":4},"end":{"line":8,"column":5}},"loc":{"start":{"line":8,"column":44},"end":{"line":25,"column":5}},"line":8},"2":{"name":"(anonymous_2)","decl":{"start":{"line":19,"column":18},"end":{"line":19,"column":19}},"loc":{"start":{"line":19,"column":24},"end":{"line":21,"column":9}},"line":19},"3":{"name":"(anonymous_3)","decl":{"start":{"line":22,"column":19},"end":{"line":22,"column":20}},"loc":{"start":{"line":22,"column":30},"end":{"line":24,"column":9}},"line":22}},"branchMap":{"0":{"loc":{"start":{"line":2,"column":22},"end":{"line":4,"column":1}},"type":"binary-expr","locations":[{"start":{"line":2,"column":23},"end":{"line":2,"column":27}},{"start":{"line":2,"column":31},"end":{"line":2,"column":51}},{"start":{"line":2,"column":56},"end":{"line":4,"column":1}}],"line":2},"1":{"loc":{"start":{"line":3,"column":11},"end":{"line":3,"column":61}},"type":"cond-expr","locations":[{"start":{"line":3,"column":37},"end":{"line":3,"column":40}},{"start":{"line":3,"column":43},"end":{"line":3,"column":61}}],"line":3},"2":{"loc":{"start":{"line":3,"column":12},"end":{"line":3,"column":33}},"type":"binary-expr","locations":[{"start":{"line":3,"column":12},"end":{"line":3,"column":15}},{"start":{"line":3,"column":19},"end":{"line":3,"column":33}}],"line":3}},"s":{"0":1,"1":1,"2":1,"3":1,"4":0,"5":0,"6":0,"7":0,"8":0,"9":0,"10":1},"f":{"0":1,"1":0,"2":0,"3":0},"b":{"0":[1,1,1],"1":[0,1],"2":[1,1]},"inputSourceMap":{"version":3,"file":"EmailService.js","sourceRoot":"","sources":["EmailService.ts"],"names":[],"mappings":";;;;;AAAA,gFAAsC;AAEtC,MAAqB,YAAY;IACxB,SAAS,CAAC,OAAO,EAAE,UAAU,EAAE,OAAO;QAC3C,MAAM,MAAM,GAAG,OAAO,CAAC,gBAAgB,CAAC,CAAA;QACxC,MAAM,CAAC,SAAS,CAAC,aAAG,CAAC,GAAG,CAAC,kBAAkB,CAAC,CAAC,CAAA;QAC7C,MAAM,GAAG,GAAG;YACV,EAAE,EAAE,OAAO;YACX,IAAI,EAAE,aAAG,CAAC,GAAG,CAAC,qBAAqB,CAAC;YACpC,OAAO,EAAE,UAAU;YACnB,IAAI,EAAE,OAAO;SACd,CAAA;QACD,MAAM;aACH,IAAI,CAAC,GAAG,CAAC;aACT,IAAI,CAAC,GAAG,EAAE;YACT,OAAO,CAAC,GAAG,CAAC,YAAY,CAAC,CAAA;QAC3B,CAAC,CAAC;aACD,KAAK,CAAC,CAAC,KAAK,EAAE,EAAE;YACf,OAAO,CAAC,KAAK,CAAC,KAAK,CAAC,CAAA;QACtB,CAAC,CAAC,CAAA;IACN,CAAC;CACF;AAnBD,+BAmBC","sourcesContent":["import Env from '@ioc:Adonis/Core/Env'\r\n\r\nexport default class EmailService {\r\n  public sendEmail(emailTo, theSubject, theHTML) {\r\n    const sgMail = require('@sendgrid/mail')\r\n    sgMail.setApikey(Env.get('SENDGRID_API_KEY'))\r\n    const msg = {\r\n      to: emailTo,\r\n      from: Env.get('SENDGRID_FROM_EMAIL'),\r\n      subject: theSubject,\r\n      html: theHTML,\r\n    }\r\n    sgMail\r\n      .send(msg)\r\n      .then(() => {\r\n        console.log('Email sent')\r\n      })\r\n      .catch((error) => {\r\n        console.error(error)\r\n      })\r\n  }\r\n}\r\n"]},"_coverageSchema":"1a1c01bbd47fc00a2c39e90264f33305004495a9","hash":"6eabf23cc300e0d3ed10a2cdbd0b4e6a9252e552"},"C:\\Users\\david\\OneDrive\\Escritorio\\Project\\ProyectoSoftware\\fincapp-back\\app\\Controllers\\Http\\UsersController.ts":{"path":"C:\\Users\\david\\OneDrive\\Escritorio\\Project\\ProyectoSoftware\\fincapp-back\\app\\Controllers\\Http\\UsersController.ts","statementMap":{"0":{"start":{"line":2,"column":22},"end":{"line":4,"column":1}},"1":{"start":{"line":3,"column":4},"end":{"line":3,"column":62}},"2":{"start":{"line":5,"column":0},"end":{"line":5,"column":62}},"3":{"start":{"line":6,"column":15},"end":{"line":6,"column":80}},"4":{"start":{"line":7,"column":20},"end":{"line":7,"column":74}},"5":{"start":{"line":10,"column":20},"end":{"line":10,"column":98}},"6":{"start":{"line":11,"column":8},"end":{"line":11,"column":21}},"7":{"start":{"line":14,"column":21},"end":{"line":21,"column":10}},"8":{"start":{"line":22,"column":8},"end":{"line":35,"column":9}},"9":{"start":{"line":23,"column":28},"end":{"line":23,"column":76}},"10":{"start":{"line":24,"column":12},"end":{"line":34,"column":13}},"11":{"start":{"line":25,"column":32},"end":{"line":25,"column":65}},"12":{"start":{"line":26,"column":16},"end":{"line":26,"column":53}},"13":{"start":{"line":27,"column":16},"end":{"line":27,"column":31}},"14":{"start":{"line":30,"column":16},"end":{"line":33,"column":18}},"15":{"start":{"line":38,"column":22},"end":{"line":43,"column":20}},"16":{"start":{"line":44,"column":8},"end":{"line":49,"column":9}},"17":{"start":{"line":45,"column":12},"end":{"line":48,"column":14}},"18":{"start":{"line":50,"column":8},"end":{"line":50,"column":23}},"19":{"start":{"line":53,"column":21},"end":{"line":59,"column":10}},"20":{"start":{"line":60,"column":8},"end":{"line":74,"column":9}},"21":{"start":{"line":61,"column":28},"end":{"line":61,"column":64}},"22":{"start":{"line":62,"column":12},"end":{"line":73,"column":13}},"23":{"start":{"line":63,"column":16},"end":{"line":63,"column":41}},"24":{"start":{"line":64,"column":16},"end":{"line":64,"column":43}},"25":{"start":{"line":65,"column":16},"end":{"line":65,"column":45}},"26":{"start":{"line":66,"column":16},"end":{"line":66,"column":38}},"27":{"start":{"line":69,"column":16},"end":{"line":72,"column":18}},"28":{"start":{"line":77,"column":24},"end":{"line":77,"column":66}},"29":{"start":{"line":78,"column":8},"end":{"line":78,"column":32}},"30":{"start":{"line":81,"column":22},"end":{"line":81,"column":107}},"31":{"start":{"line":82,"column":8},"end":{"line":82,"column":23}},"32":{"start":{"line":85,"column":0},"end":{"line":85,"column":34}}},"fnMap":{"0":{"name":"(anonymous_0)","decl":{"start":{"line":2,"column":56},"end":{"line":2,"column":57}},"loc":{"start":{"line":2,"column":71},"end":{"line":4,"column":1}},"line":2},"1":{"name":"(anonymous_1)","decl":{"start":{"line":9,"column":4},"end":{"line":9,"column":5}},"loc":{"start":{"line":9,"column":21},"end":{"line":12,"column":5}},"line":9},"2":{"name":"(anonymous_2)","decl":{"start":{"line":13,"column":4},"end":{"line":13,"column":5}},"loc":{"start":{"line":13,"column":29},"end":{"line":36,"column":5}},"line":13},"3":{"name":"(anonymous_3)","decl":{"start":{"line":37,"column":4},"end":{"line":37,"column":5}},"loc":{"start":{"line":37,"column":27},"end":{"line":51,"column":5}},"line":37},"4":{"name":"(anonymous_4)","decl":{"start":{"line":52,"column":4},"end":{"line":52,"column":5}},"loc":{"start":{"line":52,"column":38},"end":{"line":75,"column":5}},"line":52},"5":{"name":"(anonymous_5)","decl":{"start":{"line":76,"column":4},"end":{"line":76,"column":5}},"loc":{"start":{"line":76,"column":30},"end":{"line":79,"column":5}},"line":76},"6":{"name":"(anonymous_6)","decl":{"start":{"line":80,"column":4},"end":{"line":80,"column":5}},"loc":{"start":{"line":80,"column":33},"end":{"line":83,"column":5}},"line":80}},"branchMap":{"0":{"loc":{"start":{"line":2,"column":22},"end":{"line":4,"column":1}},"type":"binary-expr","locations":[{"start":{"line":2,"column":23},"end":{"line":2,"column":27}},{"start":{"line":2,"column":31},"end":{"line":2,"column":51}},{"start":{"line":2,"column":56},"end":{"line":4,"column":1}}],"line":2},"1":{"loc":{"start":{"line":3,"column":11},"end":{"line":3,"column":61}},"type":"cond-expr","locations":[{"start":{"line":3,"column":37},"end":{"line":3,"column":40}},{"start":{"line":3,"column":43},"end":{"line":3,"column":61}}],"line":3},"2":{"loc":{"start":{"line":3,"column":12},"end":{"line":3,"column":33}},"type":"binary-expr","locations":[{"start":{"line":3,"column":12},"end":{"line":3,"column":15}},{"start":{"line":3,"column":19},"end":{"line":3,"column":33}}],"line":3},"3":{"loc":{"start":{"line":22,"column":8},"end":{"line":35,"column":9}},"type":"if","locations":[{"start":{"line":22,"column":8},"end":{"line":35,"column":9}},{"start":{"line":22,"column":8},"end":{"line":35,"column":9}}],"line":22},"4":{"loc":{"start":{"line":24,"column":12},"end":{"line":34,"column":13}},"type":"if","locations":[{"start":{"line":24,"column":12},"end":{"line":34,"column":13}},{"start":{"line":24,"column":12},"end":{"line":34,"column":13}}],"line":24},"5":{"loc":{"start":{"line":44,"column":8},"end":{"line":49,"column":9}},"type":"if","locations":[{"start":{"line":44,"column":8},"end":{"line":49,"column":9}},{"start":{"line":44,"column":8},"end":{"line":49,"column":9}}],"line":44},"6":{"loc":{"start":{"line":60,"column":8},"end":{"line":74,"column":9}},"type":"if","locations":[{"start":{"line":60,"column":8},"end":{"line":74,"column":9}},{"start":{"line":60,"column":8},"end":{"line":74,"column":9}}],"line":60},"7":{"loc":{"start":{"line":62,"column":12},"end":{"line":73,"column":13}},"type":"if","locations":[{"start":{"line":62,"column":12},"end":{"line":73,"column":13}},{"start":{"line":62,"column":12},"end":{"line":73,"column":13}}],"line":62}},"s":{"0":1,"1":1,"2":1,"3":1,"4":1,"5":1,"6":1,"7":3,"8":2,"9":2,"10":2,"11":1,"12":1,"13":1,"14":1,"15":2,"16":2,"17":1,"18":1,"19":3,"20":2,"21":2,"22":2,"23":1,"24":1,"25":1,"26":1,"27":1,"28":2,"29":1,"30":0,"31":0,"32":1},"f":{"0":1,"1":1,"2":3,"3":2,"4":3,"5":2,"6":0},"b":{"0":[1,1,1],"1":[1,0],"2":[1,1],"3":[2,0],"4":[1,1],"5":[1,1],"6":[2,0],"7":[1,1]},"inputSourceMap":{"version":3,"file":"UsersController.js","sourceRoot":"","sources":["UsersController.ts"],"names":[],"mappings":";;;;;AACA,iFAAkC;AAClC,2EAA0D;AAE1D,MAAqB,eAAe;IAI3B,KAAK,CAAC,KAAK,CAAC,GAAwB;QACzC,IAAI,KAAK,GAAW,MAAM,cAAI,CAAC,KAAK,EAAE,CAAC,OAAO,CAAC,MAAM,CAAC,CAAC,OAAO,CAAC,QAAQ,CAAC,CAAC,OAAO,CAAC,MAAM,CAAC,CAAA;QACxF,OAAO,KAAK,CAAA;IACd,CAAC;IAIM,KAAK,CAAC,KAAK,CAAC,EAAE,OAAO,EAAuB;QACjD,MAAM,IAAI,GAAG,MAAM,OAAO,CAAC,QAAQ,CAAC;YAClC,MAAM,EAAE,kBAAM,CAAC,MAAM,CAAC;gBACpB,IAAI,EAAE,kBAAM,CAAC,MAAM,CAAC,CAAC,iBAAK,CAAC,IAAI,EAAE,EAAE,iBAAK,CAAC,QAAQ,EAAE,CAAC,CAAC;gBACrD,KAAK,EAAE,kBAAM,CAAC,MAAM,CAAC,CAAC,iBAAK,CAAC,KAAK,EAAE,EAAE,iBAAK,CAAC,QAAQ,EAAE,CAAC,CAAC;gBACvD,QAAQ,EAAE,kBAAM,CAAC,MAAM,CAAC,CAAC,iBAAK,CAAC,QAAQ,EAAE,CAAC,CAAC;gBAC3C,MAAM,EAAE,kBAAM,CAAC,MAAM,CAAC,CAAC,iBAAK,CAAC,QAAQ,EAAE,CAAC,CAAC;aAC1C,CAAC;SACH,CAAC,CAAA;QACF,IAAI,IAAI,EAAE;YACR,MAAM,OAAO,GAAG,MAAM,cAAI,CAAC,MAAM,CAAC,OAAO,EAAE,IAAI,CAAC,KAAK,CAAC,CAAA;YACtD,IAAI,CAAC,OAAO,EAAE;gBACZ,MAAM,OAAO,GAAS,MAAM,cAAI,CAAC,MAAM,CAAC,IAAI,CAAC,CAAA;gBAC7C,cAAI,CAAC,YAAY,CAAC,OAAO,CAAC,CAAA;gBAC1B,OAAO,OAAO,CAAA;aACf;iBAAM;gBACL,OAAO;oBACL,MAAM,EAAE,OAAO;oBACf,OAAO,EAAE,mBAAmB;iBAC7B,CAAA;aACF;SACF;IACH,CAAC;IAIM,KAAK,CAAC,IAAI,CAAC,EAAE,MAAM,EAAuB;QAC/C,IAAI,OAAO,GAAG,MAAM,cAAI,CAAC,KAAK,EAAE;aAC7B,KAAK,CAAC,IAAI,EAAE,MAAM,CAAC,EAAE,CAAC;aACtB,OAAO,CAAC,MAAM,CAAC;aACf,OAAO,CAAC,QAAQ,CAAC;aACjB,OAAO,CAAC,MAAM,CAAC;aACf,KAAK,EAAE,CAAA;QACV,IAAI,CAAC,OAAO,EAAE;YACZ,OAAO;gBACL,MAAM,EAAE,OAAO;gBACf,OAAO,EAAE,uBAAuB;aACjC,CAAA;SACF;QACD,OAAO,OAAO,CAAA;IAChB,CAAC;IAKM,KAAK,CAAC,MAAM,CAAC,EAAE,MAAM,EAAE,OAAO,EAAuB;QAC1D,MAAM,IAAI,GAAG,MAAM,OAAO,CAAC,QAAQ,CAAC;YAClC,MAAM,EAAE,kBAAM,CAAC,MAAM,CAAC;gBACpB,IAAI,EAAE,kBAAM,CAAC,MAAM,CAAC,CAAC,iBAAK,CAAC,IAAI,EAAE,EAAE,iBAAK,CAAC,QAAQ,EAAE,CAAC,CAAC;gBACrD,KAAK,EAAE,kBAAM,CAAC,MAAM,CAAC,CAAC,iBAAK,CAAC,KAAK,EAAE,EAAE,iBAAK,CAAC,QAAQ,EAAE,CAAC,CAAC;gBACvD,MAAM,EAAE,kBAAM,CAAC,MAAM,CAAC,CAAC,iBAAK,CAAC,QAAQ,EAAE,CAAC,CAAC;aAC1C,CAAC;SACH,CAAC,CAAA;QACF,IAAI,IAAI,EAAE;YACR,MAAM,OAAO,GAAG,MAAM,cAAI,CAAC,IAAI,CAAC,MAAM,CAAC,EAAE,CAAC,CAAA;YAC1C,IAAI,OAAO,EAAE;gBACX,OAAO,CAAC,IAAI,GAAG,IAAI,CAAC,IAAI,CAAA;gBACxB,OAAO,CAAC,KAAK,GAAG,IAAI,CAAC,KAAK,CAAA;gBAC1B,OAAO,CAAC,MAAM,GAAG,IAAI,CAAC,MAAM,CAAA;gBAC5B,OAAO,OAAO,CAAC,IAAI,EAAE,CAAA;aACtB;iBAAM;gBACL,OAAO;oBACL,MAAM,EAAE,OAAO;oBACf,OAAO,EAAE,uBAAuB;iBACjC,CAAA;aACF;SACF;IACH,CAAC;IAKM,KAAK,CAAC,OAAO,CAAC,EAAE,MAAM,EAAuB;QAClD,MAAM,OAAO,GAAS,MAAM,cAAI,CAAC,UAAU,CAAC,MAAM,CAAC,EAAE,CAAC,CAAA;QACtD,OAAO,OAAO,CAAC,MAAM,EAAE,CAAA;IACzB,CAAC;IAKM,KAAK,CAAC,UAAU,CAAC,EAAE,MAAM,EAAuB;QACrD,IAAI,OAAO,GAAG,MAAM,cAAI,CAAC,KAAK,EAAE,CAAC,KAAK,CAAC,IAAI,EAAE,MAAM,CAAC,EAAE,CAAC,CAAC,OAAO,CAAC,QAAQ,CAAC,CAAC,OAAO,CAAC,MAAM,CAAC,CAAA;QACzF,OAAO,OAAO,CAAA;IAChB,CAAC;CACF;AA/FD,kCA+FC","sourcesContent":["import type { HttpContextContract } from '@ioc:Adonis/Core/HttpContext'\r\nimport User from 'App/Models/User'\r\nimport { schema, rules } from '@ioc:Adonis/Core/Validator'\r\n\r\nexport default class UsersController {\r\n  /**\r\n   * Lista todos los usuarios\r\n   */\r\n  public async index(ctx: HttpContextContract) {\r\n    let users: User[] = await User.query().preload('farm').preload('orders').preload('role')\r\n    return users\r\n  }\r\n  /**\r\n   * Almacena la información de un usuario\r\n   */\r\n  public async store({ request }: HttpContextContract) {\r\n    const post = await request.validate({\r\n      schema: schema.create({\r\n        name: schema.string([rules.trim(), rules.required()]),\r\n        email: schema.string([rules.email(), rules.required()]),\r\n        password: schema.string([rules.required()]),\r\n        id_rol: schema.number([rules.required()]),\r\n      }),\r\n    })\r\n    if (post) {\r\n      const theUser = await User.findBy('email', post.email)\r\n      if (!theUser) {\r\n        const newUser: User = await User.create(post)\r\n        User.hashPassword(newUser)\r\n        return newUser\r\n      } else {\r\n        return {\r\n          status: 'error',\r\n          message: 'Usuario ya creado',\r\n        }\r\n      }\r\n    }\r\n  }\r\n  /**\r\n   * Muestra la información de un solo usuario\r\n   */\r\n  public async show({ params }: HttpContextContract) {\r\n    let theUser = await User.query()\r\n      .where('id', params.id)\r\n      .preload('farm')\r\n      .preload('orders')\r\n      .preload('role')\r\n      .first()\r\n    if (!theUser) {\r\n      return {\r\n        status: 'error',\r\n        message: 'Usuario no encontrado',\r\n      }\r\n    }\r\n    return theUser\r\n  }\r\n  /**\r\n   * Actualiza la información de un usuario basado\r\n   * en el identificador y nuevos parámetros\r\n   */\r\n  public async update({ params, request }: HttpContextContract) {\r\n    const post = await request.validate({\r\n      schema: schema.create({\r\n        name: schema.string([rules.trim(), rules.required()]),\r\n        email: schema.string([rules.email(), rules.required()]),\r\n        id_rol: schema.number([rules.required()]),\r\n      }),\r\n    })\r\n    if (post) {\r\n      const theUser = await User.find(params.id)\r\n      if (theUser) {\r\n        theUser.name = post.name\r\n        theUser.email = post.email\r\n        theUser.id_rol = post.id_rol\r\n        return theUser.save()\r\n      } else {\r\n        return {\r\n          status: 'error',\r\n          message: 'Usuario no encontrado',\r\n        }\r\n      }\r\n    }\r\n  }\r\n\r\n  /**\r\n   * Elimina a un usuario basado en el identificador\r\n   */\r\n  public async destroy({ params }: HttpContextContract) {\r\n    const theUser: User = await User.findOrFail(params.id)\r\n    return theUser.delete()\r\n  }\r\n\r\n  /**\r\n   * Muestra la informacion de todos los pedidos de ese usuario\r\n   */\r\n  public async showOrders({ params }: HttpContextContract) {\r\n    let theUser = await User.query().where('id', params.id).preload('orders').preload('role')\r\n    return theUser\r\n  }\r\n}\r\n"]},"_coverageSchema":"1a1c01bbd47fc00a2c39e90264f33305004495a9","hash":"e92f8279c6980966c8486bdab64da667620910ba"}}